2017-08-22 15:54:43.622  INFO 30040 --- [main] c.webstar.webmaster.WebstarApplication   : Starting WebstarApplication on ASHRESTHAPC with PID 30040 (C:\Webstar\target\classes started by ashrestha in C:\Webstar)
2017-08-22 15:54:43.628  INFO 30040 --- [main] c.webstar.webmaster.WebstarApplication   : No active profile set, falling back to default profiles: default
2017-08-22 15:54:43.760  INFO 30040 --- [main] ationConfigEmbeddedWebApplicationContext : Refreshing org.springframework.boot.context.embedded.AnnotationConfigEmbeddedWebApplicationContext@43301423: startup date [Tue Aug 22 15:54:43 EDT 2017]; root of context hierarchy
2017-08-22 15:54:45.671  INFO 30040 --- [main] trationDelegate$BeanPostProcessorChecker : Bean 'org.springframework.boot.autoconfigure.validation.ValidationAutoConfiguration' of type [class org.springframework.boot.autoconfigure.validation.ValidationAutoConfiguration] is not eligible for getting processed by all BeanPostProcessors (for example: not eligible for auto-proxying)
2017-08-22 15:54:45.775  INFO 30040 --- [main] trationDelegate$BeanPostProcessorChecker : Bean 'validator' of type [class org.springframework.validation.beanvalidation.LocalValidatorFactoryBean] is not eligible for getting processed by all BeanPostProcessors (for example: not eligible for auto-proxying)
2017-08-22 15:54:45.853  INFO 30040 --- [main] trationDelegate$BeanPostProcessorChecker : Bean 'org.springframework.transaction.annotation.ProxyTransactionManagementConfiguration' of type [class org.springframework.transaction.annotation.ProxyTransactionManagementConfiguration$$EnhancerBySpringCGLIB$$80af475] is not eligible for getting processed by all BeanPostProcessors (for example: not eligible for auto-proxying)
2017-08-22 15:54:46.342  INFO 30040 --- [main] s.b.c.e.t.TomcatEmbeddedServletContainer : Tomcat initialized with port(s): 8080 (http)
2017-08-22 15:54:46.360  INFO 30040 --- [main] o.apache.catalina.core.StandardService   : Starting service Tomcat
2017-08-22 15:54:46.368  INFO 30040 --- [main] org.apache.catalina.core.StandardEngine  : Starting Servlet Engine: Apache Tomcat/8.5.11
2017-08-22 15:54:47.052  INFO 30040 --- [localhost-startStop-1] org.apache.jasper.servlet.TldScanner     : At least one JAR was scanned for TLDs yet contained no TLDs. Enable debug logging for this logger for a complete list of JARs that were scanned but no TLDs were found in them. Skipping unneeded JARs during scanning can improve startup time and JSP compilation time.
2017-08-22 15:54:47.060  INFO 30040 --- [localhost-startStop-1] o.a.c.c.C.[Tomcat].[localhost].[/]       : Initializing Spring embedded WebApplicationContext
2017-08-22 15:54:47.060  INFO 30040 --- [localhost-startStop-1] o.s.web.context.ContextLoader            : Root WebApplicationContext: initialization completed in 3304 ms
2017-08-22 15:54:47.355  INFO 30040 --- [localhost-startStop-1] o.s.b.w.servlet.ServletRegistrationBean  : Mapping servlet: 'dispatcherServlet' to [/]
2017-08-22 15:54:47.361  INFO 30040 --- [localhost-startStop-1] o.s.b.w.servlet.FilterRegistrationBean   : Mapping filter: 'errorPageFilter' to: [/*]
2017-08-22 15:54:47.362  INFO 30040 --- [localhost-startStop-1] o.s.b.w.servlet.FilterRegistrationBean   : Mapping filter: 'characterEncodingFilter' to: [/*]
2017-08-22 15:54:47.362  INFO 30040 --- [localhost-startStop-1] o.s.b.w.servlet.FilterRegistrationBean   : Mapping filter: 'hiddenHttpMethodFilter' to: [/*]
2017-08-22 15:54:47.369  INFO 30040 --- [localhost-startStop-1] o.s.b.w.servlet.FilterRegistrationBean   : Mapping filter: 'httpPutFormContentFilter' to: [/*]
2017-08-22 15:54:47.370  INFO 30040 --- [localhost-startStop-1] o.s.b.w.servlet.FilterRegistrationBean   : Mapping filter: 'requestContextFilter' to: [/*]
2017-08-22 15:54:48.294  INFO 30040 --- [main] j.LocalContainerEntityManagerFactoryBean : Building JPA container EntityManagerFactory for persistence unit 'default'
2017-08-22 15:54:48.457  INFO 30040 --- [main] o.hibernate.jpa.internal.util.LogHelper  : HHH000204: Processing PersistenceUnitInfo [
	name: default
	...]
2017-08-22 15:54:48.592  INFO 30040 --- [main] org.hibernate.Version                    : HHH000412: Hibernate Core {5.0.11.Final}
2017-08-22 15:54:48.600  INFO 30040 --- [main] org.hibernate.cfg.Environment            : HHH000206: hibernate.properties not found
2017-08-22 15:54:48.608  INFO 30040 --- [main] org.hibernate.cfg.Environment            : HHH000021: Bytecode provider name : javassist
2017-08-22 15:54:48.666  INFO 30040 --- [main] o.hibernate.annotations.common.Version   : HCANN000001: Hibernate Commons Annotations {5.0.1.Final}
2017-08-22 15:54:49.050  INFO 30040 --- [main] org.hibernate.dialect.Dialect            : HHH000400: Using dialect: org.hibernate.dialect.MySQLDialect
2017-08-22 15:54:49.656  INFO 30040 --- [main] org.hibernate.tool.hbm2ddl.SchemaUpdate  : HHH000228: Running hbm2ddl schema update
2017-08-22 15:54:49.861  INFO 30040 --- [main] j.LocalContainerEntityManagerFactoryBean : Initialized JPA EntityManagerFactory for persistence unit 'default'
2017-08-22 15:54:50.453  INFO 30040 --- [main] org.apache.tiles.access.TilesAccess      : Publishing TilesContext for context: org.springframework.web.servlet.view.tiles3.SpringWildcardServletTilesApplicationContext
2017-08-22 15:54:50.998  INFO 30040 --- [main] s.w.s.m.m.a.RequestMappingHandlerAdapter : Looking for @ControllerAdvice: org.springframework.boot.context.embedded.AnnotationConfigEmbeddedWebApplicationContext@43301423: startup date [Tue Aug 22 15:54:43 EDT 2017]; root of context hierarchy
2017-08-22 15:54:51.122  INFO 30040 --- [main] s.w.s.m.m.a.RequestMappingHandlerMapping : Mapped "{[/myAccount],methods=[GET]}" onto public java.lang.String com.webstar.controllers.AccountController.myAccount(javax.servlet.http.HttpServletRequest,javax.servlet.http.HttpServletResponse,org.springframework.ui.Model) throws java.io.IOException
2017-08-22 15:54:51.132  INFO 30040 --- [main] s.w.s.m.m.a.RequestMappingHandlerMapping : Mapped "{[/logout]}" onto public void com.webstar.controllers.AccountController.logout(javax.servlet.http.HttpServletRequest,javax.servlet.http.HttpServletResponse) throws java.io.IOException
2017-08-22 15:54:51.141  INFO 30040 --- [main] s.w.s.m.m.a.RequestMappingHandlerMapping : Mapped "{[/testemail],methods=[GET],produces=[application/json]}" onto public java.lang.String com.webstar.controllers.TestController.testEmail()
2017-08-22 15:54:51.150  INFO 30040 --- [main] s.w.s.m.m.a.RequestMappingHandlerMapping : Mapped "{[/register],methods=[POST]}" onto public org.springframework.web.servlet.ModelAndView com.webstar.controllers.UserController.register(org.springframework.web.servlet.ModelAndView,com.webstar.models.UserDetails,org.springframework.validation.BindingResult)
2017-08-22 15:54:51.151  INFO 30040 --- [main] s.w.s.m.m.a.RequestMappingHandlerMapping : Mapped "{[/register],methods=[GET]}" onto public org.springframework.web.servlet.ModelAndView com.webstar.controllers.UserController.register(org.springframework.web.servlet.ModelAndView,com.webstar.models.UserDetails,javax.servlet.http.HttpServletRequest)
2017-08-22 15:54:51.151  INFO 30040 --- [main] s.w.s.m.m.a.RequestMappingHandlerMapping : Mapped "{[/]}" onto public java.lang.String com.webstar.controllers.UserController.home()
2017-08-22 15:54:51.151  INFO 30040 --- [main] s.w.s.m.m.a.RequestMappingHandlerMapping : Mapped "{[/about]}" onto public java.lang.String com.webstar.controllers.UserController.about()
2017-08-22 15:54:51.160  INFO 30040 --- [main] s.w.s.m.m.a.RequestMappingHandlerMapping : Mapped "{[/myhome],methods=[POST]}" onto public java.lang.String com.webstar.controllers.UserController.myhome(java.lang.String,java.lang.String,org.springframework.ui.Model,javax.servlet.http.HttpServletResponse)
2017-08-22 15:54:51.164  INFO 30040 --- [main] s.w.s.m.m.a.RequestMappingHandlerMapping : Mapped "{[/error]}" onto public org.springframework.http.ResponseEntity<java.util.Map<java.lang.String, java.lang.Object>> org.springframework.boot.autoconfigure.web.BasicErrorController.error(javax.servlet.http.HttpServletRequest)
2017-08-22 15:54:51.164  INFO 30040 --- [main] s.w.s.m.m.a.RequestMappingHandlerMapping : Mapped "{[/error],produces=[text/html]}" onto public org.springframework.web.servlet.ModelAndView org.springframework.boot.autoconfigure.web.BasicErrorController.errorHtml(javax.servlet.http.HttpServletRequest,javax.servlet.http.HttpServletResponse)
2017-08-22 15:54:51.217  INFO 30040 --- [main] o.s.w.s.handler.SimpleUrlHandlerMapping  : Mapped URL path [/webjars/**] onto handler of type [class org.springframework.web.servlet.resource.ResourceHttpRequestHandler]
2017-08-22 15:54:51.319  INFO 30040 --- [main] o.s.w.s.handler.SimpleUrlHandlerMapping  : Mapped URL path [/**] onto handler of type [class org.springframework.web.servlet.resource.ResourceHttpRequestHandler]
2017-08-22 15:54:51.384  INFO 30040 --- [main] o.s.w.s.handler.SimpleUrlHandlerMapping  : Mapped URL path [/**/favicon.ico] onto handler of type [class org.springframework.web.servlet.resource.ResourceHttpRequestHandler]
2017-08-22 15:54:51.921  INFO 30040 --- [main] o.s.j.e.a.AnnotationMBeanExporter        : Registering beans for JMX exposure on startup
2017-08-22 15:54:52.110  INFO 30040 --- [main] s.b.c.e.t.TomcatEmbeddedServletContainer : Tomcat started on port(s): 8080 (http)
2017-08-22 15:54:52.130  INFO 30040 --- [main] c.webstar.webmaster.WebstarApplication   : Started WebstarApplication in 9.067 seconds (JVM running for 9.94)
2017-08-22 15:55:04.341  INFO 30040 --- [http-nio-8080-exec-1] o.a.c.c.C.[Tomcat].[localhost].[/]       : Initializing Spring FrameworkServlet 'dispatcherServlet'
2017-08-22 15:55:04.350  INFO 30040 --- [http-nio-8080-exec-1] o.s.web.servlet.DispatcherServlet        : FrameworkServlet 'dispatcherServlet': initialization started
2017-08-22 15:55:04.386  INFO 30040 --- [http-nio-8080-exec-1] o.s.web.servlet.DispatcherServlet        : FrameworkServlet 'dispatcherServlet': initialization completed in 28 ms
2017-08-22 15:55:04.461  INFO 30040 --- [http-nio-8080-exec-1] com.webstar.controllers.UserController   : HELLO===================================================
2017-08-22 15:55:04.461 ERROR 30040 --- [http-nio-8080-exec-1] com.webstar.controllers.UserController   : HELLO===================================================
2017-08-22 15:58:40.501  INFO 30040 --- [RMI TCP Connection(2)-10.196.118.157] inMXBeanRegistrar$SpringApplicationAdmin : Application shutdown requested.
2017-08-22 15:58:40.509  INFO 30040 --- [RMI TCP Connection(2)-10.196.118.157] ationConfigEmbeddedWebApplicationContext : Closing org.springframework.boot.context.embedded.AnnotationConfigEmbeddedWebApplicationContext@43301423: startup date [Tue Aug 22 15:54:43 EDT 2017]; root of context hierarchy
2017-08-22 15:58:40.516  INFO 30040 --- [RMI TCP Connection(2)-10.196.118.157] o.s.j.e.a.AnnotationMBeanExporter        : Unregistering JMX-exposed beans on shutdown
2017-08-22 15:58:40.517  INFO 30040 --- [RMI TCP Connection(2)-10.196.118.157] org.apache.tiles.access.TilesAccess      : Removing TilesContext for context: org.springframework.web.servlet.view.tiles3.SpringWildcardServletTilesApplicationContext
2017-08-22 15:58:40.522  INFO 30040 --- [RMI TCP Connection(2)-10.196.118.157] j.LocalContainerEntityManagerFactoryBean : Closing JPA EntityManagerFactory for persistence unit 'default'
