2017-08-22 16:48:27 [main] DEBUG o.s.w.c.s.StandardServletEnvironment - Adding [servletConfigInitParams] PropertySource with lowest search precedence
2017-08-22 16:48:27 [main] DEBUG o.s.w.c.s.StandardServletEnvironment - Adding [servletContextInitParams] PropertySource with lowest search precedence
2017-08-22 16:48:27 [main] DEBUG o.s.w.c.s.StandardServletEnvironment - Adding [systemProperties] PropertySource with lowest search precedence
2017-08-22 16:48:27 [main] DEBUG o.s.w.c.s.StandardServletEnvironment - Adding [systemEnvironment] PropertySource with lowest search precedence
2017-08-22 16:48:27 [main] DEBUG o.s.w.c.s.StandardServletEnvironment - Initialized StandardServletEnvironment with PropertySources [servletConfigInitParams,servletContextInitParams,systemProperties,systemEnvironment]
2017-08-22 16:48:27 [main] INFO  c.w.webmaster.WebstarApplication - Starting WebstarApplication on ASHRESTHAPC with PID 14640 (C:\Webstar\target\classes started by ashrestha in C:\Webstar)
2017-08-22 16:48:27 [main] INFO  c.w.webmaster.WebstarApplication - No active profile set, falling back to default profiles: default
2017-08-22 16:48:27 [main] INFO  o.s.b.c.e.AnnotationConfigEmbeddedWebApplicationContext - Refreshing org.springframework.boot.context.embedded.AnnotationConfigEmbeddedWebApplicationContext@43301423: startup date [Tue Aug 22 16:48:27 EDT 2017]; root of context hierarchy
2017-08-22 16:48:29 [main] DEBUG o.s.w.c.s.StandardServletEnvironment - Adding [applicationConfig: [classpath:/application.properties]] PropertySource with search precedence immediately lower than [applicationConfigurationProperties]
2017-08-22 16:48:29 [main] DEBUG o.s.w.c.s.StandardServletEnvironment - Removing [applicationConfigurationProperties] PropertySource
2017-08-22 16:48:29 [main] DEBUG o.s.w.c.s.StandardServletEnvironment - Removing [defaultProperties] PropertySource
2017-08-22 16:48:29 [main] INFO  o.s.c.s.PostProcessorRegistrationDelegate$BeanPostProcessorChecker - Bean 'org.springframework.boot.autoconfigure.validation.ValidationAutoConfiguration' of type [class org.springframework.boot.autoconfigure.validation.ValidationAutoConfiguration] is not eligible for getting processed by all BeanPostProcessors (for example: not eligible for auto-proxying)
2017-08-22 16:48:29 [main] INFO  o.s.c.s.PostProcessorRegistrationDelegate$BeanPostProcessorChecker - Bean 'validator' of type [class org.springframework.validation.beanvalidation.LocalValidatorFactoryBean] is not eligible for getting processed by all BeanPostProcessors (for example: not eligible for auto-proxying)
2017-08-22 16:48:30 [main] INFO  o.s.c.s.PostProcessorRegistrationDelegate$BeanPostProcessorChecker - Bean 'org.springframework.transaction.annotation.ProxyTransactionManagementConfiguration' of type [class org.springframework.transaction.annotation.ProxyTransactionManagementConfiguration$$EnhancerBySpringCGLIB$$6f0be049] is not eligible for getting processed by all BeanPostProcessors (for example: not eligible for auto-proxying)
2017-08-22 16:48:30 [main] INFO  o.s.b.c.e.t.TomcatEmbeddedServletContainer - Tomcat initialized with port(s): 8080 (http)
2017-08-22 16:48:30 [main] INFO  o.a.catalina.core.StandardService - Starting service Tomcat
2017-08-22 16:48:30 [main] INFO  o.a.catalina.core.StandardEngine - Starting Servlet Engine: Apache Tomcat/8.5.11
2017-08-22 16:48:31 [localhost-startStop-1] INFO  org.apache.jasper.servlet.TldScanner - At least one JAR was scanned for TLDs yet contained no TLDs. Enable debug logging for this logger for a complete list of JARs that were scanned but no TLDs were found in them. Skipping unneeded JARs during scanning can improve startup time and JSP compilation time.
2017-08-22 16:48:31 [localhost-startStop-1] INFO  o.a.c.c.C.[Tomcat].[localhost].[/] - Initializing Spring embedded WebApplicationContext
2017-08-22 16:48:31 [localhost-startStop-1] DEBUG o.s.web.context.ContextLoader - Published root WebApplicationContext as ServletContext attribute with name [org.springframework.web.context.WebApplicationContext.ROOT]
2017-08-22 16:48:31 [localhost-startStop-1] INFO  o.s.web.context.ContextLoader - Root WebApplicationContext: initialization completed in 3460 ms
2017-08-22 16:48:31 [localhost-startStop-1] DEBUG o.s.w.c.s.StandardServletEnvironment - Adding [servletConfigInitParams] PropertySource with lowest search precedence
2017-08-22 16:48:31 [localhost-startStop-1] DEBUG o.s.w.c.s.StandardServletEnvironment - Adding [servletContextInitParams] PropertySource with lowest search precedence
2017-08-22 16:48:31 [localhost-startStop-1] DEBUG o.s.w.c.s.StandardServletEnvironment - Adding [systemProperties] PropertySource with lowest search precedence
2017-08-22 16:48:31 [localhost-startStop-1] DEBUG o.s.w.c.s.StandardServletEnvironment - Adding [systemEnvironment] PropertySource with lowest search precedence
2017-08-22 16:48:31 [localhost-startStop-1] DEBUG o.s.w.c.s.StandardServletEnvironment - Initialized StandardServletEnvironment with PropertySources [servletConfigInitParams,servletContextInitParams,systemProperties,systemEnvironment]
2017-08-22 16:48:31 [localhost-startStop-1] DEBUG o.s.w.c.s.StandardServletEnvironment - Adding [servletConfigInitParams] PropertySource with lowest search precedence
2017-08-22 16:48:31 [localhost-startStop-1] DEBUG o.s.w.c.s.StandardServletEnvironment - Adding [servletContextInitParams] PropertySource with lowest search precedence
2017-08-22 16:48:31 [localhost-startStop-1] DEBUG o.s.w.c.s.StandardServletEnvironment - Adding [systemProperties] PropertySource with lowest search precedence
2017-08-22 16:48:31 [localhost-startStop-1] DEBUG o.s.w.c.s.StandardServletEnvironment - Adding [systemEnvironment] PropertySource with lowest search precedence
2017-08-22 16:48:31 [localhost-startStop-1] DEBUG o.s.w.c.s.StandardServletEnvironment - Initialized StandardServletEnvironment with PropertySources [servletConfigInitParams,servletContextInitParams,systemProperties,systemEnvironment]
2017-08-22 16:48:31 [localhost-startStop-1] DEBUG o.s.w.c.s.StandardServletEnvironment - Adding [servletConfigInitParams] PropertySource with lowest search precedence
2017-08-22 16:48:31 [localhost-startStop-1] DEBUG o.s.w.c.s.StandardServletEnvironment - Adding [servletContextInitParams] PropertySource with lowest search precedence
2017-08-22 16:48:31 [localhost-startStop-1] DEBUG o.s.w.c.s.StandardServletEnvironment - Adding [systemProperties] PropertySource with lowest search precedence
2017-08-22 16:48:31 [localhost-startStop-1] DEBUG o.s.w.c.s.StandardServletEnvironment - Adding [systemEnvironment] PropertySource with lowest search precedence
2017-08-22 16:48:31 [localhost-startStop-1] DEBUG o.s.w.c.s.StandardServletEnvironment - Initialized StandardServletEnvironment with PropertySources [servletConfigInitParams,servletContextInitParams,systemProperties,systemEnvironment]
2017-08-22 16:48:31 [localhost-startStop-1] DEBUG o.s.w.c.s.StandardServletEnvironment - Adding [servletConfigInitParams] PropertySource with lowest search precedence
2017-08-22 16:48:31 [localhost-startStop-1] DEBUG o.s.w.c.s.StandardServletEnvironment - Adding [servletContextInitParams] PropertySource with lowest search precedence
2017-08-22 16:48:31 [localhost-startStop-1] DEBUG o.s.w.c.s.StandardServletEnvironment - Adding [systemProperties] PropertySource with lowest search precedence
2017-08-22 16:48:31 [localhost-startStop-1] DEBUG o.s.w.c.s.StandardServletEnvironment - Adding [systemEnvironment] PropertySource with lowest search precedence
2017-08-22 16:48:31 [localhost-startStop-1] DEBUG o.s.w.c.s.StandardServletEnvironment - Initialized StandardServletEnvironment with PropertySources [servletConfigInitParams,servletContextInitParams,systemProperties,systemEnvironment]
2017-08-22 16:48:31 [localhost-startStop-1] DEBUG o.s.w.c.s.StandardServletEnvironment - Adding [servletConfigInitParams] PropertySource with lowest search precedence
2017-08-22 16:48:31 [localhost-startStop-1] DEBUG o.s.w.c.s.StandardServletEnvironment - Adding [servletContextInitParams] PropertySource with lowest search precedence
2017-08-22 16:48:31 [localhost-startStop-1] DEBUG o.s.w.c.s.StandardServletEnvironment - Adding [systemProperties] PropertySource with lowest search precedence
2017-08-22 16:48:31 [localhost-startStop-1] DEBUG o.s.w.c.s.StandardServletEnvironment - Adding [systemEnvironment] PropertySource with lowest search precedence
2017-08-22 16:48:31 [localhost-startStop-1] DEBUG o.s.w.c.s.StandardServletEnvironment - Initialized StandardServletEnvironment with PropertySources [servletConfigInitParams,servletContextInitParams,systemProperties,systemEnvironment]
2017-08-22 16:48:31 [localhost-startStop-1] INFO  o.s.b.w.s.ServletRegistrationBean - Mapping servlet: 'dispatcherServlet' to [/]
2017-08-22 16:48:31 [localhost-startStop-1] INFO  o.s.b.w.s.FilterRegistrationBean - Mapping filter: 'errorPageFilter' to: [/*]
2017-08-22 16:48:31 [localhost-startStop-1] INFO  o.s.b.w.s.FilterRegistrationBean - Mapping filter: 'characterEncodingFilter' to: [/*]
2017-08-22 16:48:31 [localhost-startStop-1] INFO  o.s.b.w.s.FilterRegistrationBean - Mapping filter: 'hiddenHttpMethodFilter' to: [/*]
2017-08-22 16:48:31 [localhost-startStop-1] INFO  o.s.b.w.s.FilterRegistrationBean - Mapping filter: 'httpPutFormContentFilter' to: [/*]
2017-08-22 16:48:31 [localhost-startStop-1] INFO  o.s.b.w.s.FilterRegistrationBean - Mapping filter: 'requestContextFilter' to: [/*]
2017-08-22 16:48:31 [main] DEBUG o.s.w.c.s.StandardServletEnvironment - Replacing [servletContextInitParams] PropertySource with [servletContextInitParams]
2017-08-22 16:48:32 [main] INFO  o.s.o.j.LocalContainerEntityManagerFactoryBean - Building JPA container EntityManagerFactory for persistence unit 'default'
2017-08-22 16:48:32 [main] INFO  o.h.jpa.internal.util.LogHelper - HHH000204: Processing PersistenceUnitInfo [
	name: default
	...]
2017-08-22 16:48:33 [main] INFO  org.hibernate.Version - HHH000412: Hibernate Core {5.0.11.Final}
2017-08-22 16:48:33 [main] INFO  org.hibernate.cfg.Environment - HHH000206: hibernate.properties not found
2017-08-22 16:48:33 [main] INFO  org.hibernate.cfg.Environment - HHH000021: Bytecode provider name : javassist
2017-08-22 16:48:33 [main] INFO  o.h.annotations.common.Version - HCANN000001: Hibernate Commons Annotations {5.0.1.Final}
2017-08-22 16:48:33 [main] INFO  org.hibernate.dialect.Dialect - HHH000400: Using dialect: org.hibernate.dialect.MySQLDialect
2017-08-22 16:48:34 [main] INFO  o.h.tool.hbm2ddl.SchemaUpdate - HHH000228: Running hbm2ddl schema update
2017-08-22 16:48:34 [main] INFO  o.s.o.j.LocalContainerEntityManagerFactoryBean - Initialized JPA EntityManagerFactory for persistence unit 'default'
2017-08-22 16:48:35 [main] INFO  org.apache.tiles.access.TilesAccess - Publishing TilesContext for context: org.springframework.web.servlet.view.tiles3.SpringWildcardServletTilesApplicationContext
2017-08-22 16:48:35 [main] INFO  o.s.w.s.m.m.a.RequestMappingHandlerAdapter - Looking for @ControllerAdvice: org.springframework.boot.context.embedded.AnnotationConfigEmbeddedWebApplicationContext@43301423: startup date [Tue Aug 22 16:48:27 EDT 2017]; root of context hierarchy
2017-08-22 16:48:35 [main] DEBUG o.s.w.s.m.m.a.RequestMappingHandlerMapping - Looking for request mappings in application context: org.springframework.boot.context.embedded.AnnotationConfigEmbeddedWebApplicationContext@43301423: startup date [Tue Aug 22 16:48:27 EDT 2017]; root of context hierarchy
2017-08-22 16:48:35 [main] DEBUG o.s.w.s.m.m.a.RequestMappingHandlerMapping - 2 request handler methods found on class com.webstar.controllers.AccountController: {public java.lang.String com.webstar.controllers.AccountController.myAccount(javax.servlet.http.HttpServletRequest,javax.servlet.http.HttpServletResponse,org.springframework.ui.Model) throws java.io.IOException={[/myAccount],methods=[GET]}, public void com.webstar.controllers.AccountController.logout(javax.servlet.http.HttpServletRequest,javax.servlet.http.HttpServletResponse) throws java.io.IOException={[/logout]}}
2017-08-22 16:48:35 [main] INFO  o.s.w.s.m.m.a.RequestMappingHandlerMapping - Mapped "{[/myAccount],methods=[GET]}" onto public java.lang.String com.webstar.controllers.AccountController.myAccount(javax.servlet.http.HttpServletRequest,javax.servlet.http.HttpServletResponse,org.springframework.ui.Model) throws java.io.IOException
2017-08-22 16:48:35 [main] TRACE o.s.w.s.m.m.a.RequestMappingHandlerMapping - Mapping name 'AC#myAccount'
2017-08-22 16:48:35 [main] INFO  o.s.w.s.m.m.a.RequestMappingHandlerMapping - Mapped "{[/logout]}" onto public void com.webstar.controllers.AccountController.logout(javax.servlet.http.HttpServletRequest,javax.servlet.http.HttpServletResponse) throws java.io.IOException
2017-08-22 16:48:35 [main] TRACE o.s.w.s.m.m.a.RequestMappingHandlerMapping - Mapping name 'AC#logout'
2017-08-22 16:48:35 [main] DEBUG o.s.w.s.m.m.a.RequestMappingHandlerMapping - 1 request handler methods found on class com.webstar.controllers.TestController: {public java.lang.String com.webstar.controllers.TestController.testEmail()={[/testemail],methods=[GET],produces=[application/json]}}
2017-08-22 16:48:35 [main] INFO  o.s.w.s.m.m.a.RequestMappingHandlerMapping - Mapped "{[/testemail],methods=[GET],produces=[application/json]}" onto public java.lang.String com.webstar.controllers.TestController.testEmail()
2017-08-22 16:48:35 [main] TRACE o.s.w.s.m.m.a.RequestMappingHandlerMapping - Mapping name 'TC#testEmail'
2017-08-22 16:48:35 [main] DEBUG o.s.w.s.m.m.a.RequestMappingHandlerMapping - 5 request handler methods found on class com.webstar.controllers.UserController: {public org.springframework.web.servlet.ModelAndView com.webstar.controllers.UserController.register(org.springframework.web.servlet.ModelAndView,com.webstar.models.UserDetails,org.springframework.validation.BindingResult)={[/register],methods=[POST]}, public org.springframework.web.servlet.ModelAndView com.webstar.controllers.UserController.register(org.springframework.web.servlet.ModelAndView,com.webstar.models.UserDetails,javax.servlet.http.HttpServletRequest)={[/register],methods=[GET]}, public java.lang.String com.webstar.controllers.UserController.home()={[/]}, public java.lang.String com.webstar.controllers.UserController.about()={[/about]}, public java.lang.String com.webstar.controllers.UserController.myhome(java.lang.String,java.lang.String,org.springframework.ui.Model,javax.servlet.http.HttpServletResponse)={[/myhome],methods=[POST]}}
2017-08-22 16:48:35 [main] INFO  o.s.w.s.m.m.a.RequestMappingHandlerMapping - Mapped "{[/register],methods=[POST]}" onto public org.springframework.web.servlet.ModelAndView com.webstar.controllers.UserController.register(org.springframework.web.servlet.ModelAndView,com.webstar.models.UserDetails,org.springframework.validation.BindingResult)
2017-08-22 16:48:35 [main] TRACE o.s.w.s.m.m.a.RequestMappingHandlerMapping - Mapping name 'UC#register'
2017-08-22 16:48:35 [main] INFO  o.s.w.s.m.m.a.RequestMappingHandlerMapping - Mapped "{[/register],methods=[GET]}" onto public org.springframework.web.servlet.ModelAndView com.webstar.controllers.UserController.register(org.springframework.web.servlet.ModelAndView,com.webstar.models.UserDetails,javax.servlet.http.HttpServletRequest)
2017-08-22 16:48:35 [main] TRACE o.s.w.s.m.m.a.RequestMappingHandlerMapping - Mapping name 'UC#register'
2017-08-22 16:48:35 [main] TRACE o.s.w.s.m.m.a.RequestMappingHandlerMapping - Mapping name clash for handlerMethods [public org.springframework.web.servlet.ModelAndView com.webstar.controllers.UserController.register(org.springframework.web.servlet.ModelAndView,com.webstar.models.UserDetails,org.springframework.validation.BindingResult), public org.springframework.web.servlet.ModelAndView com.webstar.controllers.UserController.register(org.springframework.web.servlet.ModelAndView,com.webstar.models.UserDetails,javax.servlet.http.HttpServletRequest)]. Consider assigning explicit names.
2017-08-22 16:48:35 [main] INFO  o.s.w.s.m.m.a.RequestMappingHandlerMapping - Mapped "{[/]}" onto public java.lang.String com.webstar.controllers.UserController.home()
2017-08-22 16:48:35 [main] TRACE o.s.w.s.m.m.a.RequestMappingHandlerMapping - Mapping name 'UC#home'
2017-08-22 16:48:35 [main] INFO  o.s.w.s.m.m.a.RequestMappingHandlerMapping - Mapped "{[/about]}" onto public java.lang.String com.webstar.controllers.UserController.about()
2017-08-22 16:48:35 [main] TRACE o.s.w.s.m.m.a.RequestMappingHandlerMapping - Mapping name 'UC#about'
2017-08-22 16:48:35 [main] INFO  o.s.w.s.m.m.a.RequestMappingHandlerMapping - Mapped "{[/myhome],methods=[POST]}" onto public java.lang.String com.webstar.controllers.UserController.myhome(java.lang.String,java.lang.String,org.springframework.ui.Model,javax.servlet.http.HttpServletResponse)
2017-08-22 16:48:35 [main] TRACE o.s.w.s.m.m.a.RequestMappingHandlerMapping - Mapping name 'UC#myhome'
2017-08-22 16:48:35 [main] DEBUG o.s.w.s.m.m.a.RequestMappingHandlerMapping - 2 request handler methods found on class org.springframework.boot.autoconfigure.web.BasicErrorController: {public org.springframework.http.ResponseEntity org.springframework.boot.autoconfigure.web.BasicErrorController.error(javax.servlet.http.HttpServletRequest)={[/error]}, public org.springframework.web.servlet.ModelAndView org.springframework.boot.autoconfigure.web.BasicErrorController.errorHtml(javax.servlet.http.HttpServletRequest,javax.servlet.http.HttpServletResponse)={[/error],produces=[text/html]}}
2017-08-22 16:48:35 [main] INFO  o.s.w.s.m.m.a.RequestMappingHandlerMapping - Mapped "{[/error]}" onto public org.springframework.http.ResponseEntity<java.util.Map<java.lang.String, java.lang.Object>> org.springframework.boot.autoconfigure.web.BasicErrorController.error(javax.servlet.http.HttpServletRequest)
2017-08-22 16:48:35 [main] TRACE o.s.w.s.m.m.a.RequestMappingHandlerMapping - Mapping name 'BEC#error'
2017-08-22 16:48:35 [main] INFO  o.s.w.s.m.m.a.RequestMappingHandlerMapping - Mapped "{[/error],produces=[text/html]}" onto public org.springframework.web.servlet.ModelAndView org.springframework.boot.autoconfigure.web.BasicErrorController.errorHtml(javax.servlet.http.HttpServletRequest,javax.servlet.http.HttpServletResponse)
2017-08-22 16:48:35 [main] TRACE o.s.w.s.m.m.a.RequestMappingHandlerMapping - Mapping name 'BEC#errorHtml'
2017-08-22 16:48:35 [main] DEBUG o.s.w.s.h.BeanNameUrlHandlerMapping - Looking for URL mappings in application context: org.springframework.boot.context.embedded.AnnotationConfigEmbeddedWebApplicationContext@43301423: startup date [Tue Aug 22 16:48:27 EDT 2017]; root of context hierarchy
2017-08-22 16:48:35 [main] DEBUG o.s.w.s.h.BeanNameUrlHandlerMapping - Rejected bean name 'org.springframework.context.annotation.internalConfigurationAnnotationProcessor': no URL paths identified
2017-08-22 16:48:35 [main] DEBUG o.s.w.s.h.BeanNameUrlHandlerMapping - Rejected bean name 'org.springframework.context.annotation.internalAutowiredAnnotationProcessor': no URL paths identified
2017-08-22 16:48:35 [main] DEBUG o.s.w.s.h.BeanNameUrlHandlerMapping - Rejected bean name 'org.springframework.context.annotation.internalRequiredAnnotationProcessor': no URL paths identified
2017-08-22 16:48:35 [main] DEBUG o.s.w.s.h.BeanNameUrlHandlerMapping - Rejected bean name 'org.springframework.context.annotation.internalCommonAnnotationProcessor': no URL paths identified
2017-08-22 16:48:35 [main] DEBUG o.s.w.s.h.BeanNameUrlHandlerMapping - Rejected bean name 'org.springframework.context.annotation.internalPersistenceAnnotationProcessor': no URL paths identified
2017-08-22 16:48:35 [main] DEBUG o.s.w.s.h.BeanNameUrlHandlerMapping - Rejected bean name 'org.springframework.context.event.internalEventListenerProcessor': no URL paths identified
2017-08-22 16:48:35 [main] DEBUG o.s.w.s.h.BeanNameUrlHandlerMapping - Rejected bean name 'org.springframework.context.event.internalEventListenerFactory': no URL paths identified
2017-08-22 16:48:35 [main] DEBUG o.s.w.s.h.BeanNameUrlHandlerMapping - Rejected bean name 'webstarApplication': no URL paths identified
2017-08-22 16:48:35 [main] DEBUG o.s.w.s.h.BeanNameUrlHandlerMapping - Rejected bean name 'org.springframework.boot.autoconfigure.internalCachingMetadataReaderFactory': no URL paths identified
2017-08-22 16:48:35 [main] DEBUG o.s.w.s.h.BeanNameUrlHandlerMapping - Rejected bean name 'accountController': no URL paths identified
2017-08-22 16:48:35 [main] DEBUG o.s.w.s.h.BeanNameUrlHandlerMapping - Rejected bean name 'testController': no URL paths identified
2017-08-22 16:48:35 [main] DEBUG o.s.w.s.h.BeanNameUrlHandlerMapping - Rejected bean name 'userController': no URL paths identified
2017-08-22 16:48:36 [main] DEBUG o.s.w.s.h.BeanNameUrlHandlerMapping - Rejected bean name 'emailService': no URL paths identified
2017-08-22 16:48:36 [main] DEBUG o.s.w.s.h.BeanNameUrlHandlerMapping - Rejected bean name 'userService': no URL paths identified
2017-08-22 16:48:36 [main] DEBUG o.s.w.s.h.BeanNameUrlHandlerMapping - Rejected bean name 'userDetailsValidator': no URL paths identified
2017-08-22 16:48:36 [main] DEBUG o.s.w.s.h.BeanNameUrlHandlerMapping - Rejected bean name 'org.springframework.boot.web.support.SpringBootServletInitializer$ErrorPageFilterConfiguration': no URL paths identified
2017-08-22 16:48:36 [main] DEBUG o.s.w.s.h.BeanNameUrlHandlerMapping - Rejected bean name 'errorPageFilter': no URL paths identified
2017-08-22 16:48:36 [main] DEBUG o.s.w.s.h.BeanNameUrlHandlerMapping - Rejected bean name 'tilesViewResolver': no URL paths identified
2017-08-22 16:48:36 [main] DEBUG o.s.w.s.h.BeanNameUrlHandlerMapping - Rejected bean name 'tilesConfigurer': no URL paths identified
2017-08-22 16:48:36 [main] DEBUG o.s.w.s.h.BeanNameUrlHandlerMapping - Rejected bean name 'org.springframework.boot.autoconfigure.AutoConfigurationPackages': no URL paths identified
2017-08-22 16:48:36 [main] DEBUG o.s.w.s.h.BeanNameUrlHandlerMapping - Rejected bean name 'org.springframework.boot.autoconfigure.domain.EntityScanPackages': no URL paths identified
2017-08-22 16:48:36 [main] DEBUG o.s.w.s.h.BeanNameUrlHandlerMapping - Rejected bean name 'org.springframework.data.jpa.repository.config.JpaRepositoryConfigExtension#0': no URL paths identified
2017-08-22 16:48:36 [main] DEBUG o.s.w.s.h.BeanNameUrlHandlerMapping - Rejected bean name 'emBeanDefinitionRegistrarPostProcessor': no URL paths identified
2017-08-22 16:48:36 [main] DEBUG o.s.w.s.h.BeanNameUrlHandlerMapping - Rejected bean name 'jpaMappingContext': no URL paths identified
2017-08-22 16:48:36 [main] DEBUG o.s.w.s.h.BeanNameUrlHandlerMapping - Rejected bean name 'jpaContext': no URL paths identified
2017-08-22 16:48:36 [main] DEBUG o.s.w.s.h.BeanNameUrlHandlerMapping - Rejected bean name 'userRepository': no URL paths identified
2017-08-22 16:48:36 [main] DEBUG o.s.w.s.h.BeanNameUrlHandlerMapping - Rejected bean name 'org.springframework.boot.autoconfigure.context.PropertyPlaceholderAutoConfiguration': no URL paths identified
2017-08-22 16:48:36 [main] DEBUG o.s.w.s.h.BeanNameUrlHandlerMapping - Rejected bean name 'org.springframework.boot.autoconfigure.condition.BeanTypeRegistry': no URL paths identified
2017-08-22 16:48:36 [main] DEBUG o.s.w.s.h.BeanNameUrlHandlerMapping - Rejected bean name 'propertySourcesPlaceholderConfigurer': no URL paths identified
2017-08-22 16:48:36 [main] DEBUG o.s.w.s.h.BeanNameUrlHandlerMapping - Rejected bean name 'org.springframework.boot.autoconfigure.jackson.JacksonAutoConfiguration$Jackson2ObjectMapperBuilderCustomizerConfiguration': no URL paths identified
2017-08-22 16:48:36 [main] DEBUG o.s.w.s.h.BeanNameUrlHandlerMapping - Rejected bean name 'standardJacksonObjectMapperBuilderCustomizer': no URL paths identified
2017-08-22 16:48:36 [main] DEBUG o.s.w.s.h.BeanNameUrlHandlerMapping - Rejected bean name 'spring.jackson-org.springframework.boot.autoconfigure.jackson.JacksonProperties': no URL paths identified
2017-08-22 16:48:36 [main] DEBUG o.s.w.s.h.BeanNameUrlHandlerMapping - Rejected bean name 'org.springframework.boot.context.properties.ConfigurationPropertiesBindingPostProcessor': no URL paths identified
2017-08-22 16:48:36 [main] DEBUG o.s.w.s.h.BeanNameUrlHandlerMapping - Rejected bean name 'org.springframework.boot.context.properties.ConfigurationPropertiesBindingPostProcessor.store': no URL paths identified
2017-08-22 16:48:36 [main] DEBUG o.s.w.s.h.BeanNameUrlHandlerMapping - Rejected bean name 'org.springframework.boot.autoconfigure.jackson.JacksonAutoConfiguration$JacksonObjectMapperBuilderConfiguration': no URL paths identified
2017-08-22 16:48:36 [main] DEBUG o.s.w.s.h.BeanNameUrlHandlerMapping - Rejected bean name 'jacksonObjectMapperBuilder': no URL paths identified
2017-08-22 16:48:36 [main] DEBUG o.s.w.s.h.BeanNameUrlHandlerMapping - Rejected bean name 'org.springframework.boot.autoconfigure.jackson.JacksonAutoConfiguration$JacksonObjectMapperConfiguration': no URL paths identified
2017-08-22 16:48:36 [main] DEBUG o.s.w.s.h.BeanNameUrlHandlerMapping - Rejected bean name 'jacksonObjectMapper': no URL paths identified
2017-08-22 16:48:36 [main] DEBUG o.s.w.s.h.BeanNameUrlHandlerMapping - Rejected bean name 'org.springframework.boot.autoconfigure.jackson.JacksonAutoConfiguration': no URL paths identified
2017-08-22 16:48:36 [main] DEBUG o.s.w.s.h.BeanNameUrlHandlerMapping - Rejected bean name 'jsonComponentModule': no URL paths identified
2017-08-22 16:48:36 [main] DEBUG o.s.w.s.h.BeanNameUrlHandlerMapping - Rejected bean name 'org.springframework.boot.autoconfigure.websocket.WebSocketAutoConfiguration$TomcatWebSocketConfiguration': no URL paths identified
2017-08-22 16:48:36 [main] DEBUG o.s.w.s.h.BeanNameUrlHandlerMapping - Rejected bean name 'websocketContainerCustomizer': no URL paths identified
2017-08-22 16:48:36 [main] DEBUG o.s.w.s.h.BeanNameUrlHandlerMapping - Rejected bean name 'org.springframework.boot.autoconfigure.websocket.WebSocketAutoConfiguration': no URL paths identified
2017-08-22 16:48:36 [main] DEBUG o.s.w.s.h.BeanNameUrlHandlerMapping - Rejected bean name 'org.springframework.boot.autoconfigure.web.EmbeddedServletContainerAutoConfiguration$EmbeddedTomcat': no URL paths identified
2017-08-22 16:48:36 [main] DEBUG o.s.w.s.h.BeanNameUrlHandlerMapping - Rejected bean name 'tomcatEmbeddedServletContainerFactory': no URL paths identified
2017-08-22 16:48:36 [main] DEBUG o.s.w.s.h.BeanNameUrlHandlerMapping - Rejected bean name 'org.springframework.boot.autoconfigure.web.EmbeddedServletContainerAutoConfiguration': no URL paths identified
2017-08-22 16:48:36 [main] DEBUG o.s.w.s.h.BeanNameUrlHandlerMapping - Rejected bean name 'embeddedServletContainerCustomizerBeanPostProcessor': no URL paths identified
2017-08-22 16:48:36 [main] DEBUG o.s.w.s.h.BeanNameUrlHandlerMapping - Rejected bean name 'errorPageRegistrarBeanPostProcessor': no URL paths identified
2017-08-22 16:48:36 [main] DEBUG o.s.w.s.h.BeanNameUrlHandlerMapping - Rejected bean name 'org.springframework.boot.autoconfigure.web.DispatcherServletAutoConfiguration$DispatcherServletConfiguration': no URL paths identified
2017-08-22 16:48:36 [main] DEBUG o.s.w.s.h.BeanNameUrlHandlerMapping - Rejected bean name 'dispatcherServlet': no URL paths identified
2017-08-22 16:48:36 [main] DEBUG o.s.w.s.h.BeanNameUrlHandlerMapping - Rejected bean name 'spring.mvc-org.springframework.boot.autoconfigure.web.WebMvcProperties': no URL paths identified
2017-08-22 16:48:36 [main] DEBUG o.s.w.s.h.BeanNameUrlHandlerMapping - Rejected bean name 'org.springframework.boot.autoconfigure.web.DispatcherServletAutoConfiguration$DispatcherServletRegistrationConfiguration': no URL paths identified
2017-08-22 16:48:36 [main] DEBUG o.s.w.s.h.BeanNameUrlHandlerMapping - Rejected bean name 'dispatcherServletRegistration': no URL paths identified
2017-08-22 16:48:36 [main] DEBUG o.s.w.s.h.BeanNameUrlHandlerMapping - Rejected bean name 'org.springframework.boot.autoconfigure.web.DispatcherServletAutoConfiguration': no URL paths identified
2017-08-22 16:48:36 [main] DEBUG o.s.w.s.h.BeanNameUrlHandlerMapping - Rejected bean name 'org.springframework.boot.autoconfigure.web.ErrorMvcAutoConfiguration$WhitelabelErrorViewConfiguration': no URL paths identified
2017-08-22 16:48:36 [main] DEBUG o.s.w.s.h.BeanNameUrlHandlerMapping - Rejected bean name 'error': no URL paths identified
2017-08-22 16:48:36 [main] DEBUG o.s.w.s.h.BeanNameUrlHandlerMapping - Rejected bean name 'beanNameViewResolver': no URL paths identified
2017-08-22 16:48:36 [main] DEBUG o.s.w.s.h.BeanNameUrlHandlerMapping - Rejected bean name 'org.springframework.boot.autoconfigure.web.ErrorMvcAutoConfiguration$DefaultErrorViewResolverConfiguration': no URL paths identified
2017-08-22 16:48:36 [main] DEBUG o.s.w.s.h.BeanNameUrlHandlerMapping - Rejected bean name 'conventionErrorViewResolver': no URL paths identified
2017-08-22 16:48:36 [main] DEBUG o.s.w.s.h.BeanNameUrlHandlerMapping - Rejected bean name 'org.springframework.boot.autoconfigure.web.ErrorMvcAutoConfiguration': no URL paths identified
2017-08-22 16:48:36 [main] DEBUG o.s.w.s.h.BeanNameUrlHandlerMapping - Rejected bean name 'errorAttributes': no URL paths identified
2017-08-22 16:48:36 [main] DEBUG o.s.w.s.h.BeanNameUrlHandlerMapping - Rejected bean name 'basicErrorController': no URL paths identified
2017-08-22 16:48:36 [main] DEBUG o.s.w.s.h.BeanNameUrlHandlerMapping - Rejected bean name 'errorPageCustomizer': no URL paths identified
2017-08-22 16:48:36 [main] DEBUG o.s.w.s.h.BeanNameUrlHandlerMapping - Rejected bean name 'preserveErrorControllerTargetClassPostProcessor': no URL paths identified
2017-08-22 16:48:36 [main] DEBUG o.s.w.s.h.BeanNameUrlHandlerMapping - Rejected bean name 'spring.resources-org.springframework.boot.autoconfigure.web.ResourceProperties': no URL paths identified
2017-08-22 16:48:36 [main] DEBUG o.s.w.s.h.BeanNameUrlHandlerMapping - Rejected bean name 'org.springframework.boot.autoconfigure.web.WebMvcAutoConfiguration$EnableWebMvcConfiguration': no URL paths identified
2017-08-22 16:48:36 [main] DEBUG o.s.w.s.h.BeanNameUrlHandlerMapping - Rejected bean name 'requestMappingHandlerAdapter': no URL paths identified
2017-08-22 16:48:36 [main] DEBUG o.s.w.s.h.BeanNameUrlHandlerMapping - Rejected bean name 'requestMappingHandlerMapping': no URL paths identified
2017-08-22 16:48:36 [main] DEBUG o.s.w.s.h.BeanNameUrlHandlerMapping - Rejected bean name 'mvcPathMatcher': no URL paths identified
2017-08-22 16:48:36 [main] DEBUG o.s.w.s.h.BeanNameUrlHandlerMapping - Rejected bean name 'mvcUrlPathHelper': no URL paths identified
2017-08-22 16:48:36 [main] DEBUG o.s.w.s.h.BeanNameUrlHandlerMapping - Rejected bean name 'mvcContentNegotiationManager': no URL paths identified
2017-08-22 16:48:36 [main] DEBUG o.s.w.s.h.BeanNameUrlHandlerMapping - Rejected bean name 'viewControllerHandlerMapping': no URL paths identified
2017-08-22 16:48:36 [main] DEBUG o.s.w.s.h.BeanNameUrlHandlerMapping - Rejected bean name 'beanNameHandlerMapping': no URL paths identified
2017-08-22 16:48:36 [main] DEBUG o.s.w.s.h.BeanNameUrlHandlerMapping - Rejected bean name 'resourceHandlerMapping': no URL paths identified
2017-08-22 16:48:36 [main] DEBUG o.s.w.s.h.BeanNameUrlHandlerMapping - Rejected bean name 'mvcResourceUrlProvider': no URL paths identified
2017-08-22 16:48:36 [main] DEBUG o.s.w.s.h.BeanNameUrlHandlerMapping - Rejected bean name 'defaultServletHandlerMapping': no URL paths identified
2017-08-22 16:48:36 [main] DEBUG o.s.w.s.h.BeanNameUrlHandlerMapping - Rejected bean name 'mvcConversionService': no URL paths identified
2017-08-22 16:48:36 [main] DEBUG o.s.w.s.h.BeanNameUrlHandlerMapping - Rejected bean name 'mvcValidator': no URL paths identified
2017-08-22 16:48:36 [main] DEBUG o.s.w.s.h.BeanNameUrlHandlerMapping - Rejected bean name 'mvcUriComponentsContributor': no URL paths identified
2017-08-22 16:48:36 [main] DEBUG o.s.w.s.h.BeanNameUrlHandlerMapping - Rejected bean name 'httpRequestHandlerAdapter': no URL paths identified
2017-08-22 16:48:36 [main] DEBUG o.s.w.s.h.BeanNameUrlHandlerMapping - Rejected bean name 'simpleControllerHandlerAdapter': no URL paths identified
2017-08-22 16:48:36 [main] DEBUG o.s.w.s.h.BeanNameUrlHandlerMapping - Rejected bean name 'handlerExceptionResolver': no URL paths identified
2017-08-22 16:48:36 [main] DEBUG o.s.w.s.h.BeanNameUrlHandlerMapping - Rejected bean name 'mvcViewResolver': no URL paths identified
2017-08-22 16:48:36 [main] DEBUG o.s.w.s.h.BeanNameUrlHandlerMapping - Rejected bean name 'org.springframework.boot.autoconfigure.web.WebMvcAutoConfiguration$WebMvcAutoConfigurationAdapter$FaviconConfiguration': no URL paths identified
2017-08-22 16:48:36 [main] DEBUG o.s.w.s.h.BeanNameUrlHandlerMapping - Rejected bean name 'faviconHandlerMapping': no URL paths identified
2017-08-22 16:48:36 [main] DEBUG o.s.w.s.h.BeanNameUrlHandlerMapping - Rejected bean name 'faviconRequestHandler': no URL paths identified
2017-08-22 16:48:36 [main] DEBUG o.s.w.s.h.BeanNameUrlHandlerMapping - Rejected bean name 'org.springframework.boot.autoconfigure.web.WebMvcAutoConfiguration$WebMvcAutoConfigurationAdapter': no URL paths identified
2017-08-22 16:48:36 [main] DEBUG o.s.w.s.h.BeanNameUrlHandlerMapping - Rejected bean name 'defaultViewResolver': no URL paths identified
2017-08-22 16:48:36 [main] DEBUG o.s.w.s.h.BeanNameUrlHandlerMapping - Rejected bean name 'viewResolver': no URL paths identified
2017-08-22 16:48:36 [main] DEBUG o.s.w.s.h.BeanNameUrlHandlerMapping - Rejected bean name 'welcomePageHandlerMapping': no URL paths identified
2017-08-22 16:48:36 [main] DEBUG o.s.w.s.h.BeanNameUrlHandlerMapping - Rejected bean name 'requestContextFilter': no URL paths identified
2017-08-22 16:48:36 [main] DEBUG o.s.w.s.h.BeanNameUrlHandlerMapping - Rejected bean name 'org.springframework.boot.autoconfigure.web.WebMvcAutoConfiguration': no URL paths identified
2017-08-22 16:48:36 [main] DEBUG o.s.w.s.h.BeanNameUrlHandlerMapping - Rejected bean name 'hiddenHttpMethodFilter': no URL paths identified
2017-08-22 16:48:36 [main] DEBUG o.s.w.s.h.BeanNameUrlHandlerMapping - Rejected bean name 'httpPutFormContentFilter': no URL paths identified
2017-08-22 16:48:36 [main] DEBUG o.s.w.s.h.BeanNameUrlHandlerMapping - Rejected bean name 'org.springframework.boot.autoconfigure.jmx.JmxAutoConfiguration': no URL paths identified
2017-08-22 16:48:36 [main] DEBUG o.s.w.s.h.BeanNameUrlHandlerMapping - Rejected bean name 'mbeanExporter': no URL paths identified
2017-08-22 16:48:36 [main] DEBUG o.s.w.s.h.BeanNameUrlHandlerMapping - Rejected bean name 'objectNamingStrategy': no URL paths identified
2017-08-22 16:48:36 [main] DEBUG o.s.w.s.h.BeanNameUrlHandlerMapping - Rejected bean name 'mbeanServer': no URL paths identified
2017-08-22 16:48:36 [main] DEBUG o.s.w.s.h.BeanNameUrlHandlerMapping - Rejected bean name 'org.springframework.boot.autoconfigure.admin.SpringApplicationAdminJmxAutoConfiguration': no URL paths identified
2017-08-22 16:48:36 [main] DEBUG o.s.w.s.h.BeanNameUrlHandlerMapping - Rejected bean name 'springApplicationAdminRegistrar': no URL paths identified
2017-08-22 16:48:36 [main] DEBUG o.s.w.s.h.BeanNameUrlHandlerMapping - Rejected bean name 'org.springframework.boot.autoconfigure.aop.AopAutoConfiguration$JdkDynamicAutoProxyConfiguration': no URL paths identified
2017-08-22 16:48:36 [main] DEBUG o.s.w.s.h.BeanNameUrlHandlerMapping - Rejected bean name 'org.springframework.aop.config.internalAutoProxyCreator': no URL paths identified
2017-08-22 16:48:36 [main] DEBUG o.s.w.s.h.BeanNameUrlHandlerMapping - Rejected bean name 'org.springframework.boot.autoconfigure.aop.AopAutoConfiguration': no URL paths identified
2017-08-22 16:48:36 [main] DEBUG o.s.w.s.h.BeanNameUrlHandlerMapping - Rejected bean name 'org.springframework.boot.autoconfigure.transaction.jta.JtaAutoConfiguration': no URL paths identified
2017-08-22 16:48:36 [main] DEBUG o.s.w.s.h.BeanNameUrlHandlerMapping - Rejected bean name 'spring.jta-org.springframework.boot.autoconfigure.transaction.jta.JtaProperties': no URL paths identified
2017-08-22 16:48:36 [main] DEBUG o.s.w.s.h.BeanNameUrlHandlerMapping - Rejected bean name 'org.springframework.boot.autoconfigure.jdbc.DataSourceConfiguration$Tomcat': no URL paths identified
2017-08-22 16:48:36 [main] DEBUG o.s.w.s.h.BeanNameUrlHandlerMapping - Rejected bean name 'dataSource': no URL paths identified
2017-08-22 16:48:36 [main] DEBUG o.s.w.s.h.BeanNameUrlHandlerMapping - Rejected bean name 'org.springframework.boot.autoconfigure.jdbc.DataSourceAutoConfiguration$PooledDataSourceConfiguration': no URL paths identified
2017-08-22 16:48:36 [main] DEBUG o.s.w.s.h.BeanNameUrlHandlerMapping - Rejected bean name 'org.springframework.boot.autoconfigure.jdbc.metadata.DataSourcePoolMetadataProvidersConfiguration$TomcatDataSourcePoolMetadataProviderConfiguration': no URL paths identified
2017-08-22 16:48:36 [main] DEBUG o.s.w.s.h.BeanNameUrlHandlerMapping - Rejected bean name 'tomcatPoolDataSourceMetadataProvider': no URL paths identified
2017-08-22 16:48:36 [main] DEBUG o.s.w.s.h.BeanNameUrlHandlerMapping - Rejected bean name 'org.springframework.boot.autoconfigure.jdbc.metadata.DataSourcePoolMetadataProvidersConfiguration': no URL paths identified
2017-08-22 16:48:36 [main] DEBUG o.s.w.s.h.BeanNameUrlHandlerMapping - Rejected bean name 'org.springframework.boot.autoconfigure.jdbc.DataSourceAutoConfiguration': no URL paths identified
2017-08-22 16:48:36 [main] DEBUG o.s.w.s.h.BeanNameUrlHandlerMapping - Rejected bean name 'dataSourceInitializer': no URL paths identified
2017-08-22 16:48:36 [main] DEBUG o.s.w.s.h.BeanNameUrlHandlerMapping - Rejected bean name 'spring.datasource-org.springframework.boot.autoconfigure.jdbc.DataSourceProperties': no URL paths identified
2017-08-22 16:48:36 [main] DEBUG o.s.w.s.h.BeanNameUrlHandlerMapping - Rejected bean name 'dataSourceInitializerPostProcessor': no URL paths identified
2017-08-22 16:48:36 [main] DEBUG o.s.w.s.h.BeanNameUrlHandlerMapping - Rejected bean name 'org.springframework.boot.autoconfigure.orm.jpa.JpaBaseConfiguration$JpaWebConfiguration$JpaWebMvcConfiguration': no URL paths identified
2017-08-22 16:48:36 [main] DEBUG o.s.w.s.h.BeanNameUrlHandlerMapping - Rejected bean name 'openEntityManagerInViewInterceptor': no URL paths identified
2017-08-22 16:48:36 [main] DEBUG o.s.w.s.h.BeanNameUrlHandlerMapping - Rejected bean name 'org.springframework.boot.autoconfigure.orm.jpa.JpaBaseConfiguration$JpaWebConfiguration': no URL paths identified
2017-08-22 16:48:36 [main] DEBUG o.s.w.s.h.BeanNameUrlHandlerMapping - Rejected bean name 'org.springframework.boot.autoconfigure.orm.jpa.HibernateJpaAutoConfiguration': no URL paths identified
2017-08-22 16:48:36 [main] DEBUG o.s.w.s.h.BeanNameUrlHandlerMapping - Rejected bean name 'transactionManager': no URL paths identified
2017-08-22 16:48:36 [main] DEBUG o.s.w.s.h.BeanNameUrlHandlerMapping - Rejected bean name 'jpaVendorAdapter': no URL paths identified
2017-08-22 16:48:36 [main] DEBUG o.s.w.s.h.BeanNameUrlHandlerMapping - Rejected bean name 'entityManagerFactoryBuilder': no URL paths identified
2017-08-22 16:48:36 [main] DEBUG o.s.w.s.h.BeanNameUrlHandlerMapping - Rejected bean name 'entityManagerFactory': no URL paths identified
2017-08-22 16:48:36 [main] DEBUG o.s.w.s.h.BeanNameUrlHandlerMapping - Rejected bean name 'spring.jpa-org.springframework.boot.autoconfigure.orm.jpa.JpaProperties': no URL paths identified
2017-08-22 16:48:36 [main] DEBUG o.s.w.s.h.BeanNameUrlHandlerMapping - Rejected bean name 'dataSourceInitializedPublisher': no URL paths identified
2017-08-22 16:48:36 [main] DEBUG o.s.w.s.h.BeanNameUrlHandlerMapping - Rejected bean name 'org.springframework.boot.autoconfigure.context.ConfigurationPropertiesAutoConfiguration': no URL paths identified
2017-08-22 16:48:36 [main] DEBUG o.s.w.s.h.BeanNameUrlHandlerMapping - Rejected bean name 'org.springframework.boot.autoconfigure.dao.PersistenceExceptionTranslationAutoConfiguration': no URL paths identified
2017-08-22 16:48:36 [main] DEBUG o.s.w.s.h.BeanNameUrlHandlerMapping - Rejected bean name 'persistenceExceptionTranslationPostProcessor': no URL paths identified
2017-08-22 16:48:36 [main] DEBUG o.s.w.s.h.BeanNameUrlHandlerMapping - Rejected bean name 'org.springframework.boot.autoconfigure.validation.ValidationAutoConfiguration': no URL paths identified
2017-08-22 16:48:36 [main] DEBUG o.s.w.s.h.BeanNameUrlHandlerMapping - Rejected bean name 'validator': no URL paths identified
2017-08-22 16:48:36 [main] DEBUG o.s.w.s.h.BeanNameUrlHandlerMapping - Rejected bean name 'methodValidationPostProcessor': no URL paths identified
2017-08-22 16:48:36 [main] DEBUG o.s.w.s.h.BeanNameUrlHandlerMapping - Rejected bean name 'org.springframework.transaction.annotation.ProxyTransactionManagementConfiguration': no URL paths identified
2017-08-22 16:48:36 [main] DEBUG o.s.w.s.h.BeanNameUrlHandlerMapping - Rejected bean name 'org.springframework.transaction.config.internalTransactionAdvisor': no URL paths identified
2017-08-22 16:48:36 [main] DEBUG o.s.w.s.h.BeanNameUrlHandlerMapping - Rejected bean name 'transactionAttributeSource': no URL paths identified
2017-08-22 16:48:36 [main] DEBUG o.s.w.s.h.BeanNameUrlHandlerMapping - Rejected bean name 'transactionInterceptor': no URL paths identified
2017-08-22 16:48:36 [main] DEBUG o.s.w.s.h.BeanNameUrlHandlerMapping - Rejected bean name 'org.springframework.transaction.config.internalTransactionalEventListenerFactory': no URL paths identified
2017-08-22 16:48:36 [main] DEBUG o.s.w.s.h.BeanNameUrlHandlerMapping - Rejected bean name 'org.springframework.boot.autoconfigure.jdbc.DataSourceTransactionManagerAutoConfiguration$TransactionManagementConfiguration': no URL paths identified
2017-08-22 16:48:36 [main] DEBUG o.s.w.s.h.BeanNameUrlHandlerMapping - Rejected bean name 'org.springframework.boot.autoconfigure.jdbc.DataSourceTransactionManagerAutoConfiguration$DataSourceTransactionManagerConfiguration': no URL paths identified
2017-08-22 16:48:36 [main] DEBUG o.s.w.s.h.BeanNameUrlHandlerMapping - Rejected bean name 'org.springframework.boot.autoconfigure.jdbc.DataSourceTransactionManagerAutoConfiguration': no URL paths identified
2017-08-22 16:48:36 [main] DEBUG o.s.w.s.h.BeanNameUrlHandlerMapping - Rejected bean name 'org.springframework.boot.autoconfigure.transaction.TransactionAutoConfiguration$TransactionTemplateConfiguration': no URL paths identified
2017-08-22 16:48:36 [main] DEBUG o.s.w.s.h.BeanNameUrlHandlerMapping - Rejected bean name 'transactionTemplate': no URL paths identified
2017-08-22 16:48:36 [main] DEBUG o.s.w.s.h.BeanNameUrlHandlerMapping - Rejected bean name 'org.springframework.boot.autoconfigure.transaction.TransactionAutoConfiguration': no URL paths identified
2017-08-22 16:48:36 [main] DEBUG o.s.w.s.h.BeanNameUrlHandlerMapping - Rejected bean name 'platformTransactionManagerCustomizers': no URL paths identified
2017-08-22 16:48:36 [main] DEBUG o.s.w.s.h.BeanNameUrlHandlerMapping - Rejected bean name 'spring.transaction-org.springframework.boot.autoconfigure.transaction.TransactionProperties': no URL paths identified
2017-08-22 16:48:36 [main] DEBUG o.s.w.s.h.BeanNameUrlHandlerMapping - Rejected bean name 'org.springframework.boot.autoconfigure.web.HttpMessageConvertersAutoConfiguration$StringHttpMessageConverterConfiguration': no URL paths identified
2017-08-22 16:48:36 [main] DEBUG o.s.w.s.h.BeanNameUrlHandlerMapping - Rejected bean name 'stringHttpMessageConverter': no URL paths identified
2017-08-22 16:48:36 [main] DEBUG o.s.w.s.h.BeanNameUrlHandlerMapping - Rejected bean name 'spring.http.encoding-org.springframework.boot.autoconfigure.web.HttpEncodingProperties': no URL paths identified
2017-08-22 16:48:36 [main] DEBUG o.s.w.s.h.BeanNameUrlHandlerMapping - Rejected bean name 'org.springframework.boot.autoconfigure.web.JacksonHttpMessageConvertersConfiguration$MappingJackson2HttpMessageConverterConfiguration': no URL paths identified
2017-08-22 16:48:36 [main] DEBUG o.s.w.s.h.BeanNameUrlHandlerMapping - Rejected bean name 'mappingJackson2HttpMessageConverter': no URL paths identified
2017-08-22 16:48:36 [main] DEBUG o.s.w.s.h.BeanNameUrlHandlerMapping - Rejected bean name 'org.springframework.boot.autoconfigure.web.JacksonHttpMessageConvertersConfiguration': no URL paths identified
2017-08-22 16:48:36 [main] DEBUG o.s.w.s.h.BeanNameUrlHandlerMapping - Rejected bean name 'org.springframework.boot.autoconfigure.web.HttpMessageConvertersAutoConfiguration': no URL paths identified
2017-08-22 16:48:36 [main] DEBUG o.s.w.s.h.BeanNameUrlHandlerMapping - Rejected bean name 'messageConverters': no URL paths identified
2017-08-22 16:48:36 [main] DEBUG o.s.w.s.h.BeanNameUrlHandlerMapping - Rejected bean name 'org.springframework.data.web.config.SpringDataWebConfiguration': no URL paths identified
2017-08-22 16:48:36 [main] DEBUG o.s.w.s.h.BeanNameUrlHandlerMapping - Rejected bean name 'pageableResolver': no URL paths identified
2017-08-22 16:48:36 [main] DEBUG o.s.w.s.h.BeanNameUrlHandlerMapping - Rejected bean name 'sortResolver': no URL paths identified
2017-08-22 16:48:36 [main] DEBUG o.s.w.s.h.BeanNameUrlHandlerMapping - Rejected bean name 'org.springframework.data.web.config.SpringDataJacksonConfiguration': no URL paths identified
2017-08-22 16:48:36 [main] DEBUG o.s.w.s.h.BeanNameUrlHandlerMapping - Rejected bean name 'jacksonGeoModule': no URL paths identified
2017-08-22 16:48:36 [main] DEBUG o.s.w.s.h.BeanNameUrlHandlerMapping - Rejected bean name 'org.springframework.boot.autoconfigure.data.web.SpringDataWebAutoConfiguration': no URL paths identified
2017-08-22 16:48:36 [main] DEBUG o.s.w.s.h.BeanNameUrlHandlerMapping - Rejected bean name 'org.springframework.boot.autoconfigure.info.ProjectInfoAutoConfiguration': no URL paths identified
2017-08-22 16:48:36 [main] DEBUG o.s.w.s.h.BeanNameUrlHandlerMapping - Rejected bean name 'spring.info-org.springframework.boot.autoconfigure.info.ProjectInfoProperties': no URL paths identified
2017-08-22 16:48:36 [main] DEBUG o.s.w.s.h.BeanNameUrlHandlerMapping - Rejected bean name 'org.springframework.boot.autoconfigure.jdbc.JdbcTemplateAutoConfiguration': no URL paths identified
2017-08-22 16:48:36 [main] DEBUG o.s.w.s.h.BeanNameUrlHandlerMapping - Rejected bean name 'jdbcTemplate': no URL paths identified
2017-08-22 16:48:36 [main] DEBUG o.s.w.s.h.BeanNameUrlHandlerMapping - Rejected bean name 'namedParameterJdbcTemplate': no URL paths identified
2017-08-22 16:48:36 [main] DEBUG o.s.w.s.h.BeanNameUrlHandlerMapping - Rejected bean name 'org.springframework.boot.autoconfigure.mail.MailSenderAutoConfiguration': no URL paths identified
2017-08-22 16:48:36 [main] DEBUG o.s.w.s.h.BeanNameUrlHandlerMapping - Rejected bean name 'mailSender': no URL paths identified
2017-08-22 16:48:36 [main] DEBUG o.s.w.s.h.BeanNameUrlHandlerMapping - Rejected bean name 'spring.mail-org.springframework.boot.autoconfigure.mail.MailProperties': no URL paths identified
2017-08-22 16:48:36 [main] DEBUG o.s.w.s.h.BeanNameUrlHandlerMapping - Rejected bean name 'org.springframework.boot.autoconfigure.web.HttpEncodingAutoConfiguration': no URL paths identified
2017-08-22 16:48:36 [main] DEBUG o.s.w.s.h.BeanNameUrlHandlerMapping - Rejected bean name 'characterEncodingFilter': no URL paths identified
2017-08-22 16:48:36 [main] DEBUG o.s.w.s.h.BeanNameUrlHandlerMapping - Rejected bean name 'localeCharsetMappingsCustomizer': no URL paths identified
2017-08-22 16:48:36 [main] DEBUG o.s.w.s.h.BeanNameUrlHandlerMapping - Rejected bean name 'org.springframework.boot.autoconfigure.web.MultipartAutoConfiguration': no URL paths identified
2017-08-22 16:48:36 [main] DEBUG o.s.w.s.h.BeanNameUrlHandlerMapping - Rejected bean name 'multipartConfigElement': no URL paths identified
2017-08-22 16:48:36 [main] DEBUG o.s.w.s.h.BeanNameUrlHandlerMapping - Rejected bean name 'multipartResolver': no URL paths identified
2017-08-22 16:48:36 [main] DEBUG o.s.w.s.h.BeanNameUrlHandlerMapping - Rejected bean name 'spring.http.multipart-org.springframework.boot.autoconfigure.web.MultipartProperties': no URL paths identified
2017-08-22 16:48:36 [main] DEBUG o.s.w.s.h.BeanNameUrlHandlerMapping - Rejected bean name 'org.springframework.boot.autoconfigure.web.ServerPropertiesAutoConfiguration': no URL paths identified
2017-08-22 16:48:36 [main] DEBUG o.s.w.s.h.BeanNameUrlHandlerMapping - Rejected bean name 'serverProperties': no URL paths identified
2017-08-22 16:48:36 [main] DEBUG o.s.w.s.h.BeanNameUrlHandlerMapping - Rejected bean name 'duplicateServerPropertiesDetector': no URL paths identified
2017-08-22 16:48:36 [main] DEBUG o.s.w.s.h.BeanNameUrlHandlerMapping - Rejected bean name 'org.springframework.boot.autoconfigure.web.WebClientAutoConfiguration$RestTemplateConfiguration': no URL paths identified
2017-08-22 16:48:36 [main] DEBUG o.s.w.s.h.BeanNameUrlHandlerMapping - Rejected bean name 'restTemplateBuilder': no URL paths identified
2017-08-22 16:48:36 [main] DEBUG o.s.w.s.h.BeanNameUrlHandlerMapping - Rejected bean name 'org.springframework.boot.autoconfigure.web.WebClientAutoConfiguration': no URL paths identified
2017-08-22 16:48:36 [main] DEBUG o.s.w.s.h.BeanNameUrlHandlerMapping - Rejected bean name 'org.springframework.orm.jpa.SharedEntityManagerCreator#0': no URL paths identified
2017-08-22 16:48:36 [main] DEBUG o.s.w.s.h.BeanNameUrlHandlerMapping - Rejected bean name 'autoConfigurationReport': no URL paths identified
2017-08-22 16:48:36 [main] DEBUG o.s.w.s.h.BeanNameUrlHandlerMapping - Rejected bean name 'springApplicationArguments': no URL paths identified
2017-08-22 16:48:36 [main] DEBUG o.s.w.s.h.BeanNameUrlHandlerMapping - Rejected bean name 'springBootBanner': no URL paths identified
2017-08-22 16:48:36 [main] DEBUG o.s.w.s.h.BeanNameUrlHandlerMapping - Rejected bean name 'springBootLoggingSystem': no URL paths identified
2017-08-22 16:48:36 [main] DEBUG o.s.w.s.h.BeanNameUrlHandlerMapping - Rejected bean name 'environment': no URL paths identified
2017-08-22 16:48:36 [main] DEBUG o.s.w.s.h.BeanNameUrlHandlerMapping - Rejected bean name 'systemProperties': no URL paths identified
2017-08-22 16:48:36 [main] DEBUG o.s.w.s.h.BeanNameUrlHandlerMapping - Rejected bean name 'systemEnvironment': no URL paths identified
2017-08-22 16:48:36 [main] DEBUG o.s.w.s.h.BeanNameUrlHandlerMapping - Rejected bean name 'org.springframework.context.annotation.ConfigurationClassPostProcessor.importRegistry': no URL paths identified
2017-08-22 16:48:36 [main] DEBUG o.s.w.s.h.BeanNameUrlHandlerMapping - Rejected bean name 'messageSource': no URL paths identified
2017-08-22 16:48:36 [main] DEBUG o.s.w.s.h.BeanNameUrlHandlerMapping - Rejected bean name 'applicationEventMulticaster': no URL paths identified
2017-08-22 16:48:36 [main] DEBUG o.s.w.s.h.BeanNameUrlHandlerMapping - Rejected bean name 'servletContext': no URL paths identified
2017-08-22 16:48:36 [main] DEBUG o.s.w.s.h.BeanNameUrlHandlerMapping - Rejected bean name 'contextParameters': no URL paths identified
2017-08-22 16:48:36 [main] DEBUG o.s.w.s.h.BeanNameUrlHandlerMapping - Rejected bean name 'contextAttributes': no URL paths identified
2017-08-22 16:48:36 [main] INFO  o.s.w.s.h.SimpleUrlHandlerMapping - Mapped URL path [/webjars/**] onto handler of type [class org.springframework.web.servlet.resource.ResourceHttpRequestHandler]
2017-08-22 16:48:36 [main] INFO  o.s.w.s.h.SimpleUrlHandlerMapping - Mapped URL path [/**] onto handler of type [class org.springframework.web.servlet.resource.ResourceHttpRequestHandler]
2017-08-22 16:48:36 [main] DEBUG o.s.w.s.m.m.a.ExceptionHandlerExceptionResolver - Looking for exception mappings: org.springframework.boot.context.embedded.AnnotationConfigEmbeddedWebApplicationContext@43301423: startup date [Tue Aug 22 16:48:27 EDT 2017]; root of context hierarchy
2017-08-22 16:48:36 [main] INFO  o.s.w.s.h.SimpleUrlHandlerMapping - Mapped URL path [/**/favicon.ico] onto handler of type [class org.springframework.web.servlet.resource.ResourceHttpRequestHandler]
2017-08-22 16:48:36 [main] INFO  o.s.j.e.a.AnnotationMBeanExporter - Registering beans for JMX exposure on startup
2017-08-22 16:48:36 [main] DEBUG o.s.w.s.resource.ResourceUrlProvider - Looking for resource handler mappings
2017-08-22 16:48:36 [main] DEBUG o.s.w.s.resource.ResourceUrlProvider - Found resource handler mapping: URL pattern="/**/favicon.ico", locations=[ServletContext resource [/], class path resource [META-INF/resources/], class path resource [resources/], class path resource [static/], class path resource [public/], class path resource []], resolvers=[org.springframework.web.servlet.resource.PathResourceResolver@1bd8afc8]
2017-08-22 16:48:36 [main] DEBUG o.s.w.s.resource.ResourceUrlProvider - Found resource handler mapping: URL pattern="/webjars/**", locations=[class path resource [META-INF/resources/webjars/]], resolvers=[org.springframework.web.servlet.resource.PathResourceResolver@24134cbc]
2017-08-22 16:48:36 [main] DEBUG o.s.w.s.resource.ResourceUrlProvider - Found resource handler mapping: URL pattern="/**", locations=[ServletContext resource [/], class path resource [META-INF/resources/], class path resource [resources/], class path resource [static/], class path resource [public/]], resolvers=[org.springframework.web.servlet.resource.PathResourceResolver@65da01f4]
2017-08-22 16:48:37 [main] INFO  o.s.b.c.e.t.TomcatEmbeddedServletContainer - Tomcat started on port(s): 8080 (http)
2017-08-22 16:48:37 [main] DEBUG o.s.w.c.s.StandardServletEnvironment - Adding [server.ports] PropertySource with highest search precedence
2017-08-22 16:48:37 [main] INFO  c.w.webmaster.WebstarApplication - Started WebstarApplication in 9.777 seconds (JVM running for 10.816)
