"2017-08-22 16:14:44 [RMI TCP Connection(2)-10.196.118.157] INFO  o.s.b.a.SpringApplicationAdminMXBeanRegistrar$SpringApplicationAdmin - Application shutdown requested.
""2017-08-22 16:14:44 [RMI TCP Connection(2)-10.196.118.157] INFO  o.s.b.c.e.AnnotationConfigEmbeddedWebApplicationContext - Closing org.springframework.boot.context.embedded.AnnotationConfigEmbeddedWebApplicationContext@43301423: startup date [Tue Aug 22 16:10:47 EDT 2017]; root of context hierarchy
""2017-08-22 16:14:44 [RMI TCP Connection(2)-10.196.118.157] INFO  o.s.j.e.a.AnnotationMBeanExporter - Unregistering JMX-exposed beans on shutdown
""2017-08-22 16:14:44 [RMI TCP Connection(2)-10.196.118.157] INFO  org.apache.tiles.access.TilesAccess - Removing TilesContext for context: org.springframework.web.servlet.view.tiles3.SpringWildcardServletTilesApplicationContext
""2017-08-22 16:14:44 [RMI TCP Connection(2)-10.196.118.157] INFO  o.s.o.j.LocalContainerEntityManagerFactoryBean - Closing JPA EntityManagerFactory for persistence unit 'default'
"2017-08-22 16:14:54 [main] INFO  c.w.webmaster.WebstarApplication - Starting WebstarApplication on ASHRESTHAPC with PID 22980 (C:\Webstar\target\classes started by ashrestha in C:\Webstar)
2017-08-22 16:14:54 [main] INFO  c.w.webmaster.WebstarApplication - No active profile set, falling back to default profiles: default
2017-08-22 16:14:54 [main] INFO  o.s.b.c.e.AnnotationConfigEmbeddedWebApplicationContext - Refreshing org.springframework.boot.context.embedded.AnnotationConfigEmbeddedWebApplicationContext@43301423: startup date [Tue Aug 22 16:14:54 EDT 2017]; root of context hierarchy
2017-08-22 16:14:56 [main] INFO  o.s.c.s.PostProcessorRegistrationDelegate$BeanPostProcessorChecker - Bean 'org.springframework.boot.autoconfigure.validation.ValidationAutoConfiguration' of type [class org.springframework.boot.autoconfigure.validation.ValidationAutoConfiguration] is not eligible for getting processed by all BeanPostProcessors (for example: not eligible for auto-proxying)
2017-08-22 16:14:56 [main] INFO  o.s.c.s.PostProcessorRegistrationDelegate$BeanPostProcessorChecker - Bean 'validator' of type [class org.springframework.validation.beanvalidation.LocalValidatorFactoryBean] is not eligible for getting processed by all BeanPostProcessors (for example: not eligible for auto-proxying)
2017-08-22 16:14:56 [main] INFO  o.s.c.s.PostProcessorRegistrationDelegate$BeanPostProcessorChecker - Bean 'org.springframework.transaction.annotation.ProxyTransactionManagementConfiguration' of type [class org.springframework.transaction.annotation.ProxyTransactionManagementConfiguration$$EnhancerBySpringCGLIB$$9bc76627] is not eligible for getting processed by all BeanPostProcessors (for example: not eligible for auto-proxying)
2017-08-22 16:14:56 [main] INFO  o.s.b.c.e.t.TomcatEmbeddedServletContainer - Tomcat initialized with port(s): 8080 (http)
2017-08-22 16:14:56 [main] INFO  o.a.catalina.core.StandardService - Starting service Tomcat
2017-08-22 16:14:56 [main] INFO  o.a.catalina.core.StandardEngine - Starting Servlet Engine: Apache Tomcat/8.5.11
2017-08-22 16:14:57 [localhost-startStop-1] INFO  org.apache.jasper.servlet.TldScanner - At least one JAR was scanned for TLDs yet contained no TLDs. Enable debug logging for this logger for a complete list of JARs that were scanned but no TLDs were found in them. Skipping unneeded JARs during scanning can improve startup time and JSP compilation time.
2017-08-22 16:14:57 [localhost-startStop-1] INFO  o.a.c.c.C.[Tomcat].[localhost].[/] - Initializing Spring embedded WebApplicationContext
2017-08-22 16:14:57 [localhost-startStop-1] INFO  o.s.b.w.s.ServletRegistrationBean - Mapping servlet: 'dispatcherServlet' to [/]
2017-08-22 16:14:58 [localhost-startStop-1] INFO  o.s.b.w.s.FilterRegistrationBean - Mapping filter: 'errorPageFilter' to: [/*]
2017-08-22 16:14:58 [localhost-startStop-1] INFO  o.s.b.w.s.FilterRegistrationBean - Mapping filter: 'characterEncodingFilter' to: [/*]
2017-08-22 16:14:58 [localhost-startStop-1] INFO  o.s.b.w.s.FilterRegistrationBean - Mapping filter: 'hiddenHttpMethodFilter' to: [/*]
2017-08-22 16:14:58 [localhost-startStop-1] INFO  o.s.b.w.s.FilterRegistrationBean - Mapping filter: 'httpPutFormContentFilter' to: [/*]
2017-08-22 16:14:58 [localhost-startStop-1] INFO  o.s.b.w.s.FilterRegistrationBean - Mapping filter: 'requestContextFilter' to: [/*]
2017-08-22 16:14:58 [main] INFO  o.s.o.j.LocalContainerEntityManagerFactoryBean - Building JPA container EntityManagerFactory for persistence unit 'default'
2017-08-22 16:14:58 [main] INFO  o.h.jpa.internal.util.LogHelper - HHH000204: Processing PersistenceUnitInfo [
	name: default
	...]
2017-08-22 16:14:59 [main] INFO  org.hibernate.Version - HHH000412: Hibernate Core {5.0.11.Final}
2017-08-22 16:14:59 [main] INFO  org.hibernate.cfg.Environment - HHH000206: hibernate.properties not found
2017-08-22 16:14:59 [main] INFO  org.hibernate.cfg.Environment - HHH000021: Bytecode provider name : javassist
2017-08-22 16:14:59 [main] INFO  o.h.annotations.common.Version - HCANN000001: Hibernate Commons Annotations {5.0.1.Final}
2017-08-22 16:14:59 [main] INFO  org.hibernate.dialect.Dialect - HHH000400: Using dialect: org.hibernate.dialect.MySQLDialect
2017-08-22 16:15:00 [main] INFO  o.h.tool.hbm2ddl.SchemaUpdate - HHH000228: Running hbm2ddl schema update
2017-08-22 16:15:00 [main] INFO  o.s.o.j.LocalContainerEntityManagerFactoryBean - Initialized JPA EntityManagerFactory for persistence unit 'default'
2017-08-22 16:15:01 [main] INFO  org.apache.tiles.access.TilesAccess - Publishing TilesContext for context: org.springframework.web.servlet.view.tiles3.SpringWildcardServletTilesApplicationContext
2017-08-22 16:15:02 [main] INFO  o.s.j.e.a.AnnotationMBeanExporter - Registering beans for JMX exposure on startup
2017-08-22 16:15:02 [main] INFO  o.s.b.c.e.t.TomcatEmbeddedServletContainer - Tomcat started on port(s): 8080 (http)
2017-08-22 16:15:02 [main] INFO  c.w.webmaster.WebstarApplication - Started WebstarApplication in 8.697 seconds (JVM running for 9.84)
2017-08-22 16:16:20 [http-nio-8080-exec-1] INFO  o.a.c.c.C.[Tomcat].[localhost].[/] - Initializing Spring FrameworkServlet 'dispatcherServlet'
2017-08-22 16:16:20 [http-nio-8080-exec-1] ERROR c.webstar.controllers.UserController - HELLO===================================================
2017-08-22 16:16:51 [http-nio-8080-exec-8] ERROR c.webstar.controllers.UserController - HELLO===================================================
2017-08-22 16:17:08 [RMI TCP Connection(2)-10.196.118.157] INFO  o.s.b.a.SpringApplicationAdminMXBeanRegistrar$SpringApplicationAdmin - Application shutdown requested.
2017-08-22 16:17:08 [RMI TCP Connection(2)-10.196.118.157] INFO  o.s.b.c.e.AnnotationConfigEmbeddedWebApplicationContext - Closing org.springframework.boot.context.embedded.AnnotationConfigEmbeddedWebApplicationContext@43301423: startup date [Tue Aug 22 16:14:54 EDT 2017]; root of context hierarchy
2017-08-22 16:17:08 [RMI TCP Connection(2)-10.196.118.157] INFO  o.s.j.e.a.AnnotationMBeanExporter - Unregistering JMX-exposed beans on shutdown
2017-08-22 16:17:08 [RMI TCP Connection(2)-10.196.118.157] INFO  org.apache.tiles.access.TilesAccess - Removing TilesContext for context: org.springframework.web.servlet.view.tiles3.SpringWildcardServletTilesApplicationContext
2017-08-22 16:17:08 [RMI TCP Connection(2)-10.196.118.157] INFO  o.s.o.j.LocalContainerEntityManagerFactoryBean - Closing JPA EntityManagerFactory for persistence unit 'default'
2017-08-22 16:17:23 [main] INFO  c.w.webmaster.WebstarApplication - Starting WebstarApplication on ASHRESTHAPC with PID 29168 (C:\Webstar\target\classes started by ashrestha in C:\Webstar)
2017-08-22 16:17:23 [main] INFO  c.w.webmaster.WebstarApplication - No active profile set, falling back to default profiles: default
2017-08-22 16:17:23 [main] INFO  o.s.b.c.e.AnnotationConfigEmbeddedWebApplicationContext - Refreshing org.springframework.boot.context.embedded.AnnotationConfigEmbeddedWebApplicationContext@43301423: startup date [Tue Aug 22 16:17:23 EDT 2017]; root of context hierarchy
2017-08-22 16:17:25 [main] INFO  o.s.c.s.PostProcessorRegistrationDelegate$BeanPostProcessorChecker - Bean 'org.springframework.boot.autoconfigure.validation.ValidationAutoConfiguration' of type [class org.springframework.boot.autoconfigure.validation.ValidationAutoConfiguration] is not eligible for getting processed by all BeanPostProcessors (for example: not eligible for auto-proxying)
2017-08-22 16:17:25 [main] INFO  o.s.c.s.PostProcessorRegistrationDelegate$BeanPostProcessorChecker - Bean 'validator' of type [class org.springframework.validation.beanvalidation.LocalValidatorFactoryBean] is not eligible for getting processed by all BeanPostProcessors (for example: not eligible for auto-proxying)
2017-08-22 16:17:26 [main] INFO  o.s.c.s.PostProcessorRegistrationDelegate$BeanPostProcessorChecker - Bean 'org.springframework.transaction.annotation.ProxyTransactionManagementConfiguration' of type [class org.springframework.transaction.annotation.ProxyTransactionManagementConfiguration$$EnhancerBySpringCGLIB$$64ec8457] is not eligible for getting processed by all BeanPostProcessors (for example: not eligible for auto-proxying)
2017-08-22 16:17:26 [main] INFO  o.s.b.c.e.t.TomcatEmbeddedServletContainer - Tomcat initialized with port(s): 8080 (http)
2017-08-22 16:17:26 [main] INFO  o.a.catalina.core.StandardService - Starting service Tomcat
2017-08-22 16:17:26 [main] INFO  o.a.catalina.core.StandardEngine - Starting Servlet Engine: Apache Tomcat/8.5.11
2017-08-22 16:17:27 [localhost-startStop-1] INFO  org.apache.jasper.servlet.TldScanner - At least one JAR was scanned for TLDs yet contained no TLDs. Enable debug logging for this logger for a complete list of JARs that were scanned but no TLDs were found in them. Skipping unneeded JARs during scanning can improve startup time and JSP compilation time.
2017-08-22 16:17:27 [localhost-startStop-1] INFO  o.a.c.c.C.[Tomcat].[localhost].[/] - Initializing Spring embedded WebApplicationContext
2017-08-22 16:17:27 [localhost-startStop-1] INFO  o.s.b.w.s.ServletRegistrationBean - Mapping servlet: 'dispatcherServlet' to [/]
2017-08-22 16:17:27 [localhost-startStop-1] INFO  o.s.b.w.s.FilterRegistrationBean - Mapping filter: 'errorPageFilter' to: [/*]
2017-08-22 16:17:27 [localhost-startStop-1] INFO  o.s.b.w.s.FilterRegistrationBean - Mapping filter: 'characterEncodingFilter' to: [/*]
2017-08-22 16:17:27 [localhost-startStop-1] INFO  o.s.b.w.s.FilterRegistrationBean - Mapping filter: 'hiddenHttpMethodFilter' to: [/*]
2017-08-22 16:17:27 [localhost-startStop-1] INFO  o.s.b.w.s.FilterRegistrationBean - Mapping filter: 'httpPutFormContentFilter' to: [/*]
2017-08-22 16:17:27 [localhost-startStop-1] INFO  o.s.b.w.s.FilterRegistrationBean - Mapping filter: 'requestContextFilter' to: [/*]
2017-08-22 16:17:28 [main] INFO  o.s.o.j.LocalContainerEntityManagerFactoryBean - Building JPA container EntityManagerFactory for persistence unit 'default'
2017-08-22 16:17:28 [main] INFO  o.h.jpa.internal.util.LogHelper - HHH000204: Processing PersistenceUnitInfo [
	name: default
	...]
2017-08-22 16:17:28 [main] INFO  org.hibernate.Version - HHH000412: Hibernate Core {5.0.11.Final}
2017-08-22 16:17:28 [main] INFO  org.hibernate.cfg.Environment - HHH000206: hibernate.properties not found
2017-08-22 16:17:28 [main] INFO  org.hibernate.cfg.Environment - HHH000021: Bytecode provider name : javassist
2017-08-22 16:17:29 [main] INFO  o.h.annotations.common.Version - HCANN000001: Hibernate Commons Annotations {5.0.1.Final}
2017-08-22 16:17:29 [main] INFO  org.hibernate.dialect.Dialect - HHH000400: Using dialect: org.hibernate.dialect.MySQLDialect
2017-08-22 16:17:30 [main] INFO  o.h.tool.hbm2ddl.SchemaUpdate - HHH000228: Running hbm2ddl schema update
2017-08-22 16:17:30 [main] INFO  o.s.o.j.LocalContainerEntityManagerFactoryBean - Initialized JPA EntityManagerFactory for persistence unit 'default'
2017-08-22 16:17:30 [main] INFO  org.apache.tiles.access.TilesAccess - Publishing TilesContext for context: org.springframework.web.servlet.view.tiles3.SpringWildcardServletTilesApplicationContext
2017-08-22 16:17:32 [main] INFO  o.s.j.e.a.AnnotationMBeanExporter - Registering beans for JMX exposure on startup
2017-08-22 16:17:32 [main] INFO  o.s.b.c.e.t.TomcatEmbeddedServletContainer - Tomcat started on port(s): 8080 (http)
2017-08-22 16:17:32 [main] INFO  c.w.webmaster.WebstarApplication - Started WebstarApplication in 9.243 seconds (JVM running for 10.145)
2017-08-22 16:17:42 [http-nio-8080-exec-1] INFO  o.a.c.c.C.[Tomcat].[localhost].[/] - Initializing Spring FrameworkServlet 'dispatcherServlet'
2017-08-22 16:18:28 [RMI TCP Connection(2)-10.196.118.157] INFO  o.s.b.a.SpringApplicationAdminMXBeanRegistrar$SpringApplicationAdmin - Application shutdown requested.
2017-08-22 16:18:28 [RMI TCP Connection(2)-10.196.118.157] INFO  o.s.b.c.e.AnnotationConfigEmbeddedWebApplicationContext - Closing org.springframework.boot.context.embedded.AnnotationConfigEmbeddedWebApplicationContext@43301423: startup date [Tue Aug 22 16:17:23 EDT 2017]; root of context hierarchy
2017-08-22 16:18:28 [RMI TCP Connection(2)-10.196.118.157] INFO  o.s.j.e.a.AnnotationMBeanExporter - Unregistering JMX-exposed beans on shutdown
2017-08-22 16:18:28 [RMI TCP Connection(2)-10.196.118.157] INFO  org.apache.tiles.access.TilesAccess - Removing TilesContext for context: org.springframework.web.servlet.view.tiles3.SpringWildcardServletTilesApplicationContext
2017-08-22 16:18:28 [RMI TCP Connection(2)-10.196.118.157] INFO  o.s.o.j.LocalContainerEntityManagerFactoryBean - Closing JPA EntityManagerFactory for persistence unit 'default'
2017-08-22 16:18:50 [main] INFO  c.w.webmaster.WebstarApplication - Starting WebstarApplication on ASHRESTHAPC with PID 21164 (C:\Webstar\target\classes started by ashrestha in C:\Webstar)
2017-08-22 16:18:50 [main] INFO  c.w.webmaster.WebstarApplication - No active profile set, falling back to default profiles: default
2017-08-22 16:18:50 [main] INFO  o.s.b.c.e.AnnotationConfigEmbeddedWebApplicationContext - Refreshing org.springframework.boot.context.embedded.AnnotationConfigEmbeddedWebApplicationContext@43301423: startup date [Tue Aug 22 16:18:50 EDT 2017]; root of context hierarchy
2017-08-22 16:18:52 [main] INFO  o.s.c.s.PostProcessorRegistrationDelegate$BeanPostProcessorChecker - Bean 'org.springframework.boot.autoconfigure.validation.ValidationAutoConfiguration' of type [class org.springframework.boot.autoconfigure.validation.ValidationAutoConfiguration] is not eligible for getting processed by all BeanPostProcessors (for example: not eligible for auto-proxying)
2017-08-22 16:18:52 [main] INFO  o.s.c.s.PostProcessorRegistrationDelegate$BeanPostProcessorChecker - Bean 'validator' of type [class org.springframework.validation.beanvalidation.LocalValidatorFactoryBean] is not eligible for getting processed by all BeanPostProcessors (for example: not eligible for auto-proxying)
2017-08-22 16:18:52 [main] INFO  o.s.c.s.PostProcessorRegistrationDelegate$BeanPostProcessorChecker - Bean 'org.springframework.transaction.annotation.ProxyTransactionManagementConfiguration' of type [class org.springframework.transaction.annotation.ProxyTransactionManagementConfiguration$$EnhancerBySpringCGLIB$$4cc682a8] is not eligible for getting processed by all BeanPostProcessors (for example: not eligible for auto-proxying)
2017-08-22 16:18:53 [main] INFO  o.s.b.c.e.t.TomcatEmbeddedServletContainer - Tomcat initialized with port(s): 8080 (http)
2017-08-22 16:18:53 [main] INFO  o.a.catalina.core.StandardService - Starting service Tomcat
2017-08-22 16:18:53 [main] INFO  o.a.catalina.core.StandardEngine - Starting Servlet Engine: Apache Tomcat/8.5.11
2017-08-22 16:18:53 [localhost-startStop-1] INFO  org.apache.jasper.servlet.TldScanner - At least one JAR was scanned for TLDs yet contained no TLDs. Enable debug logging for this logger for a complete list of JARs that were scanned but no TLDs were found in them. Skipping unneeded JARs during scanning can improve startup time and JSP compilation time.
2017-08-22 16:18:53 [localhost-startStop-1] INFO  o.a.c.c.C.[Tomcat].[localhost].[/] - Initializing Spring embedded WebApplicationContext
2017-08-22 16:18:54 [localhost-startStop-1] INFO  o.s.b.w.s.ServletRegistrationBean - Mapping servlet: 'dispatcherServlet' to [/]
2017-08-22 16:18:54 [localhost-startStop-1] INFO  o.s.b.w.s.FilterRegistrationBean - Mapping filter: 'errorPageFilter' to: [/*]
2017-08-22 16:18:54 [localhost-startStop-1] INFO  o.s.b.w.s.FilterRegistrationBean - Mapping filter: 'characterEncodingFilter' to: [/*]
2017-08-22 16:18:54 [localhost-startStop-1] INFO  o.s.b.w.s.FilterRegistrationBean - Mapping filter: 'hiddenHttpMethodFilter' to: [/*]
2017-08-22 16:18:54 [localhost-startStop-1] INFO  o.s.b.w.s.FilterRegistrationBean - Mapping filter: 'httpPutFormContentFilter' to: [/*]
2017-08-22 16:18:54 [localhost-startStop-1] INFO  o.s.b.w.s.FilterRegistrationBean - Mapping filter: 'requestContextFilter' to: [/*]
2017-08-22 16:18:55 [main] INFO  o.s.o.j.LocalContainerEntityManagerFactoryBean - Building JPA container EntityManagerFactory for persistence unit 'default'
2017-08-22 16:18:55 [main] INFO  o.h.jpa.internal.util.LogHelper - HHH000204: Processing PersistenceUnitInfo [
	name: default
	...]
2017-08-22 16:18:55 [main] INFO  org.hibernate.Version - HHH000412: Hibernate Core {5.0.11.Final}
2017-08-22 16:18:55 [main] INFO  org.hibernate.cfg.Environment - HHH000206: hibernate.properties not found
2017-08-22 16:18:55 [main] INFO  org.hibernate.cfg.Environment - HHH000021: Bytecode provider name : javassist
2017-08-22 16:18:55 [main] INFO  o.h.annotations.common.Version - HCANN000001: Hibernate Commons Annotations {5.0.1.Final}
2017-08-22 16:18:55 [main] INFO  org.hibernate.dialect.Dialect - HHH000400: Using dialect: org.hibernate.dialect.MySQLDialect
2017-08-22 16:18:56 [main] INFO  o.h.tool.hbm2ddl.SchemaUpdate - HHH000228: Running hbm2ddl schema update
2017-08-22 16:18:56 [main] INFO  o.s.o.j.LocalContainerEntityManagerFactoryBean - Initialized JPA EntityManagerFactory for persistence unit 'default'
2017-08-22 16:18:57 [main] INFO  org.apache.tiles.access.TilesAccess - Publishing TilesContext for context: org.springframework.web.servlet.view.tiles3.SpringWildcardServletTilesApplicationContext
2017-08-22 16:18:58 [main] INFO  o.s.j.e.a.AnnotationMBeanExporter - Registering beans for JMX exposure on startup
2017-08-22 16:18:58 [main] INFO  o.s.b.c.e.t.TomcatEmbeddedServletContainer - Tomcat started on port(s): 8080 (http)
2017-08-22 16:18:58 [main] INFO  c.w.webmaster.WebstarApplication - Started WebstarApplication in 9.003 seconds (JVM running for 9.933)
2017-08-22 16:19:07 [http-nio-8080-exec-1] INFO  o.a.c.c.C.[Tomcat].[localhost].[/] - Initializing Spring FrameworkServlet 'dispatcherServlet'
2017-08-22 16:19:07 [http-nio-8080-exec-1] INFO  c.webstar.controllers.UserController - HELLO===================================================
2017-08-22 16:19:07 [http-nio-8080-exec-1] DEBUG c.webstar.controllers.UserController - HELLO===================================================debug
