2017-08-22 15:48:56.148  INFO 19184 --- [main] c.webstar.webmaster.WebstarApplication   : Starting WebstarApplication on ASHRESTHAPC with PID 19184 (C:\Webstar\target\classes started by ashrestha in C:\Webstar)
2017-08-22 15:48:56.152  INFO 19184 --- [main] c.webstar.webmaster.WebstarApplication   : No active profile set, falling back to default profiles: default
2017-08-22 15:48:56.283  INFO 19184 --- [main] ationConfigEmbeddedWebApplicationContext : Refreshing org.springframework.boot.context.embedded.AnnotationConfigEmbeddedWebApplicationContext@43301423: startup date [Tue Aug 22 15:48:56 EDT 2017]; root of context hierarchy
2017-08-22 15:48:58.064  INFO 19184 --- [main] trationDelegate$BeanPostProcessorChecker : Bean 'org.springframework.boot.autoconfigure.validation.ValidationAutoConfiguration' of type [class org.springframework.boot.autoconfigure.validation.ValidationAutoConfiguration] is not eligible for getting processed by all BeanPostProcessors (for example: not eligible for auto-proxying)
2017-08-22 15:48:58.166  INFO 19184 --- [main] trationDelegate$BeanPostProcessorChecker : Bean 'validator' of type [class org.springframework.validation.beanvalidation.LocalValidatorFactoryBean] is not eligible for getting processed by all BeanPostProcessors (for example: not eligible for auto-proxying)
2017-08-22 15:48:58.246  INFO 19184 --- [main] trationDelegate$BeanPostProcessorChecker : Bean 'org.springframework.transaction.annotation.ProxyTransactionManagementConfiguration' of type [class org.springframework.transaction.annotation.ProxyTransactionManagementConfiguration$$EnhancerBySpringCGLIB$$64ec8457] is not eligible for getting processed by all BeanPostProcessors (for example: not eligible for auto-proxying)
2017-08-22 15:48:58.813  INFO 19184 --- [main] s.b.c.e.t.TomcatEmbeddedServletContainer : Tomcat initialized with port(s): 8080 (http)
2017-08-22 15:48:58.841  INFO 19184 --- [main] o.apache.catalina.core.StandardService   : Starting service Tomcat
2017-08-22 15:48:58.851  INFO 19184 --- [main] org.apache.catalina.core.StandardEngine  : Starting Servlet Engine: Apache Tomcat/8.5.11
2017-08-22 15:48:59.570  INFO 19184 --- [localhost-startStop-1] org.apache.jasper.servlet.TldScanner     : At least one JAR was scanned for TLDs yet contained no TLDs. Enable debug logging for this logger for a complete list of JARs that were scanned but no TLDs were found in them. Skipping unneeded JARs during scanning can improve startup time and JSP compilation time.
2017-08-22 15:48:59.578  INFO 19184 --- [localhost-startStop-1] o.a.c.c.C.[Tomcat].[localhost].[/]       : Initializing Spring embedded WebApplicationContext
2017-08-22 15:48:59.578  INFO 19184 --- [localhost-startStop-1] o.s.web.context.ContextLoader            : Root WebApplicationContext: initialization completed in 3299 ms
2017-08-22 15:48:59.889  INFO 19184 --- [localhost-startStop-1] o.s.b.w.servlet.ServletRegistrationBean  : Mapping servlet: 'dispatcherServlet' to [/]
2017-08-22 15:48:59.896  INFO 19184 --- [localhost-startStop-1] o.s.b.w.servlet.FilterRegistrationBean   : Mapping filter: 'errorPageFilter' to: [/*]
2017-08-22 15:48:59.896  INFO 19184 --- [localhost-startStop-1] o.s.b.w.servlet.FilterRegistrationBean   : Mapping filter: 'characterEncodingFilter' to: [/*]
2017-08-22 15:48:59.897  INFO 19184 --- [localhost-startStop-1] o.s.b.w.servlet.FilterRegistrationBean   : Mapping filter: 'hiddenHttpMethodFilter' to: [/*]
2017-08-22 15:48:59.912  INFO 19184 --- [localhost-startStop-1] o.s.b.w.servlet.FilterRegistrationBean   : Mapping filter: 'httpPutFormContentFilter' to: [/*]
2017-08-22 15:48:59.912  INFO 19184 --- [localhost-startStop-1] o.s.b.w.servlet.FilterRegistrationBean   : Mapping filter: 'requestContextFilter' to: [/*]
2017-08-22 15:49:01.172  INFO 19184 --- [main] j.LocalContainerEntityManagerFactoryBean : Building JPA container EntityManagerFactory for persistence unit 'default'
2017-08-22 15:49:01.206  INFO 19184 --- [main] o.hibernate.jpa.internal.util.LogHelper  : HHH000204: Processing PersistenceUnitInfo [
	name: default
	...]
2017-08-22 15:49:01.348  INFO 19184 --- [main] org.hibernate.Version                    : HHH000412: Hibernate Core {5.0.11.Final}
2017-08-22 15:49:01.350  INFO 19184 --- [main] org.hibernate.cfg.Environment            : HHH000206: hibernate.properties not found
2017-08-22 15:49:01.371  INFO 19184 --- [main] org.hibernate.cfg.Environment            : HHH000021: Bytecode provider name : javassist
2017-08-22 15:49:01.431  INFO 19184 --- [main] o.hibernate.annotations.common.Version   : HCANN000001: Hibernate Commons Annotations {5.0.1.Final}
2017-08-22 15:49:01.848  INFO 19184 --- [main] org.hibernate.dialect.Dialect            : HHH000400: Using dialect: org.hibernate.dialect.MySQLDialect
2017-08-22 15:49:02.460  INFO 19184 --- [main] org.hibernate.tool.hbm2ddl.SchemaUpdate  : HHH000228: Running hbm2ddl schema update
2017-08-22 15:49:02.601  INFO 19184 --- [main] j.LocalContainerEntityManagerFactoryBean : Initialized JPA EntityManagerFactory for persistence unit 'default'
2017-08-22 15:49:03.242  INFO 19184 --- [main] org.apache.tiles.access.TilesAccess      : Publishing TilesContext for context: org.springframework.web.servlet.view.tiles3.SpringWildcardServletTilesApplicationContext
2017-08-22 15:49:03.692  INFO 19184 --- [main] s.w.s.m.m.a.RequestMappingHandlerAdapter : Looking for @ControllerAdvice: org.springframework.boot.context.embedded.AnnotationConfigEmbeddedWebApplicationContext@43301423: startup date [Tue Aug 22 15:48:56 EDT 2017]; root of context hierarchy
2017-08-22 15:49:03.839  INFO 19184 --- [main] s.w.s.m.m.a.RequestMappingHandlerMapping : Mapped "{[/logout]}" onto public void com.webstar.controllers.AccountController.logout(javax.servlet.http.HttpServletRequest,javax.servlet.http.HttpServletResponse) throws java.io.IOException
2017-08-22 15:49:03.848  INFO 19184 --- [main] s.w.s.m.m.a.RequestMappingHandlerMapping : Mapped "{[/myAccount],methods=[GET]}" onto public java.lang.String com.webstar.controllers.AccountController.myAccount(javax.servlet.http.HttpServletRequest,javax.servlet.http.HttpServletResponse,org.springframework.ui.Model) throws java.io.IOException
2017-08-22 15:49:03.942  INFO 19184 --- [main] s.w.s.m.m.a.RequestMappingHandlerMapping : Mapped "{[/testemail],methods=[GET],produces=[application/json]}" onto public java.lang.String com.webstar.controllers.TestController.testEmail()
2017-08-22 15:49:03.958  INFO 19184 --- [main] s.w.s.m.m.a.RequestMappingHandlerMapping : Mapped "{[/register],methods=[POST]}" onto public org.springframework.web.servlet.ModelAndView com.webstar.controllers.UserController.register(org.springframework.web.servlet.ModelAndView,com.webstar.models.UserDetails,org.springframework.validation.BindingResult)
2017-08-22 15:49:03.959  INFO 19184 --- [main] s.w.s.m.m.a.RequestMappingHandlerMapping : Mapped "{[/register],methods=[GET]}" onto public org.springframework.web.servlet.ModelAndView com.webstar.controllers.UserController.register(org.springframework.web.servlet.ModelAndView,com.webstar.models.UserDetails,javax.servlet.http.HttpServletRequest)
2017-08-22 15:49:03.960  INFO 19184 --- [main] s.w.s.m.m.a.RequestMappingHandlerMapping : Mapped "{[/]}" onto public java.lang.String com.webstar.controllers.UserController.home()
2017-08-22 15:49:03.960  INFO 19184 --- [main] s.w.s.m.m.a.RequestMappingHandlerMapping : Mapped "{[/about]}" onto public java.lang.String com.webstar.controllers.UserController.about()
2017-08-22 15:49:03.970  INFO 19184 --- [main] s.w.s.m.m.a.RequestMappingHandlerMapping : Mapped "{[/myhome],methods=[POST]}" onto public java.lang.String com.webstar.controllers.UserController.myhome(java.lang.String,java.lang.String,org.springframework.ui.Model,javax.servlet.http.HttpServletResponse)
2017-08-22 15:49:03.981  INFO 19184 --- [main] s.w.s.m.m.a.RequestMappingHandlerMapping : Mapped "{[/error]}" onto public org.springframework.http.ResponseEntity<java.util.Map<java.lang.String, java.lang.Object>> org.springframework.boot.autoconfigure.web.BasicErrorController.error(javax.servlet.http.HttpServletRequest)
2017-08-22 15:49:03.981  INFO 19184 --- [main] s.w.s.m.m.a.RequestMappingHandlerMapping : Mapped "{[/error],produces=[text/html]}" onto public org.springframework.web.servlet.ModelAndView org.springframework.boot.autoconfigure.web.BasicErrorController.errorHtml(javax.servlet.http.HttpServletRequest,javax.servlet.http.HttpServletResponse)
2017-08-22 15:49:04.325  INFO 19184 --- [main] o.s.w.s.handler.SimpleUrlHandlerMapping  : Mapped URL path [/webjars/**] onto handler of type [class org.springframework.web.servlet.resource.ResourceHttpRequestHandler]
2017-08-22 15:49:04.363  INFO 19184 --- [main] o.s.w.s.handler.SimpleUrlHandlerMapping  : Mapped URL path [/**] onto handler of type [class org.springframework.web.servlet.resource.ResourceHttpRequestHandler]
2017-08-22 15:49:04.528  INFO 19184 --- [main] o.s.w.s.handler.SimpleUrlHandlerMapping  : Mapped URL path [/**/favicon.ico] onto handler of type [class org.springframework.web.servlet.resource.ResourceHttpRequestHandler]
2017-08-22 15:49:05.186  INFO 19184 --- [main] o.s.j.e.a.AnnotationMBeanExporter        : Registering beans for JMX exposure on startup
2017-08-22 15:49:05.434  INFO 19184 --- [main] s.b.c.e.t.TomcatEmbeddedServletContainer : Tomcat started on port(s): 8080 (http)
2017-08-22 15:49:05.502  INFO 19184 --- [main] c.webstar.webmaster.WebstarApplication   : Started WebstarApplication in 9.904 seconds (JVM running for 11.074)
2017-08-22 15:49:11.111  INFO 19184 --- [http-nio-8080-exec-1] o.a.c.c.C.[Tomcat].[localhost].[/]       : Initializing Spring FrameworkServlet 'dispatcherServlet'
2017-08-22 15:49:11.117  INFO 19184 --- [http-nio-8080-exec-1] o.s.web.servlet.DispatcherServlet        : FrameworkServlet 'dispatcherServlet': initialization started
2017-08-22 15:49:11.146  INFO 19184 --- [http-nio-8080-exec-1] o.s.web.servlet.DispatcherServlet        : FrameworkServlet 'dispatcherServlet': initialization completed in 27 ms
2017-08-22 15:49:11.212  INFO 19184 --- [http-nio-8080-exec-1] com.webstar.controllers.UserController   : HELLO===================================================
2017-08-22 15:49:11.212 ERROR 19184 --- [http-nio-8080-exec-1] com.webstar.controllers.UserController   : HELLO===================================================
2017-08-22 15:50:12.608  INFO 19184 --- [RMI TCP Connection(2)-10.196.118.157] inMXBeanRegistrar$SpringApplicationAdmin : Application shutdown requested.
2017-08-22 15:50:12.619  INFO 19184 --- [RMI TCP Connection(2)-10.196.118.157] ationConfigEmbeddedWebApplicationContext : Closing org.springframework.boot.context.embedded.AnnotationConfigEmbeddedWebApplicationContext@43301423: startup date [Tue Aug 22 15:48:56 EDT 2017]; root of context hierarchy
2017-08-22 15:50:12.636  INFO 19184 --- [RMI TCP Connection(2)-10.196.118.157] o.s.j.e.a.AnnotationMBeanExporter        : Unregistering JMX-exposed beans on shutdown
2017-08-22 15:50:12.637  INFO 19184 --- [RMI TCP Connection(2)-10.196.118.157] org.apache.tiles.access.TilesAccess      : Removing TilesContext for context: org.springframework.web.servlet.view.tiles3.SpringWildcardServletTilesApplicationContext
2017-08-22 15:50:12.646  INFO 19184 --- [RMI TCP Connection(2)-10.196.118.157] j.LocalContainerEntityManagerFactoryBean : Closing JPA EntityManagerFactory for persistence unit 'default'
